2023-04-06 08:53:08 INFO  c.b.f.FoxcomTestTaskApplication:51 - Starting FoxcomTestTaskApplication using Java 18.0.2.1 with PID 13204 (C:\Users\Roman_B\IdeaProjects\foxcom-test-task\target\classes started by Roman_B in C:\Users\Roman_B\IdeaProjects\foxcom-test-task)
2023-04-06 08:53:08 INFO  c.b.f.FoxcomTestTaskApplication:632 - No active profile set, falling back to 1 default profile: "default"
2023-04-06 08:53:09 INFO  o.s.d.r.c.RepositoryConfigurationDelegate:138 - Bootstrapping Spring Data JPA repositories in DEFAULT mode.
2023-04-06 08:53:09 INFO  o.s.d.r.c.RepositoryConfigurationDelegate:208 - Finished Spring Data repository scanning in 70 ms. Found 4 JPA repository interfaces.
2023-04-06 08:53:09 INFO  o.s.b.w.e.t.TomcatWebServer:108 - Tomcat initialized with port(s): 8084 (http)
2023-04-06 08:53:09 INFO  o.a.c.c.StandardService:173 - Starting service [Tomcat]
2023-04-06 08:53:09 INFO  o.a.c.c.StandardEngine:173 - Starting Servlet engine: [Apache Tomcat/10.1.7]
2023-04-06 08:53:10 INFO  o.a.c.c.C.[.[.[/]:173 - Initializing Spring embedded WebApplicationContext
2023-04-06 08:53:10 INFO  o.s.b.w.s.c.ServletWebServerApplicationContext:291 - Root WebApplicationContext: initialization completed in 1510 ms
2023-04-06 08:53:10 INFO  o.h.j.i.u.LogHelper:31 - HHH000204: Processing PersistenceUnitInfo [name: default]
2023-04-06 08:53:10 INFO  o.h.Version:44 - HHH000412: Hibernate ORM core version 6.1.7.Final
2023-04-06 08:53:10 INFO  c.z.h.HikariDataSource:110 - HikariPool-1 - Starting...
2023-04-06 08:53:11 ERROR c.z.h.p.HikariPool:594 - HikariPool-1 - Exception during pool initialization.
org.postgresql.util.PSQLException: Подсоединение по адресу localhost:5431 отклонено. Проверьте что хост и порт указаны правильно и что postmaster принимает TCP/IP-подсоединения.
	at org.postgresql.core.v3.ConnectionFactoryImpl.openConnectionImpl(ConnectionFactoryImpl.java:342)
	at org.postgresql.core.ConnectionFactory.openConnection(ConnectionFactory.java:54)
	at org.postgresql.jdbc.PgConnection.<init>(PgConnection.java:253)
	at org.postgresql.Driver.makeConnection(Driver.java:434)
	at org.postgresql.Driver.connect(Driver.java:291)
	at com.zaxxer.hikari.util.DriverDataSource.getConnection(DriverDataSource.java:138)
	at com.zaxxer.hikari.pool.PoolBase.newConnection(PoolBase.java:359)
	at com.zaxxer.hikari.pool.PoolBase.newPoolEntry(PoolBase.java:201)
	at com.zaxxer.hikari.pool.HikariPool.createPoolEntry(HikariPool.java:470)
	at com.zaxxer.hikari.pool.HikariPool.checkFailFast(HikariPool.java:561)
	at com.zaxxer.hikari.pool.HikariPool.<init>(HikariPool.java:100)
	at com.zaxxer.hikari.HikariDataSource.getConnection(HikariDataSource.java:112)
	at org.hibernate.engine.jdbc.connections.internal.DatasourceConnectionProviderImpl.getConnection(DatasourceConnectionProviderImpl.java:122)
	at org.hibernate.engine.jdbc.env.internal.JdbcEnvironmentInitiator$ConnectionProviderJdbcConnectionAccess.obtainConnection(JdbcEnvironmentInitiator.java:284)
	at org.hibernate.engine.jdbc.env.internal.JdbcEnvironmentInitiator.initiateService(JdbcEnvironmentInitiator.java:177)
	at org.hibernate.engine.jdbc.env.internal.JdbcEnvironmentInitiator.initiateService(JdbcEnvironmentInitiator.java:36)
	at org.hibernate.boot.registry.internal.StandardServiceRegistryImpl.initiateService(StandardServiceRegistryImpl.java:119)
	at org.hibernate.service.internal.AbstractServiceRegistryImpl.createService(AbstractServiceRegistryImpl.java:255)
	at org.hibernate.service.internal.AbstractServiceRegistryImpl.initializeService(AbstractServiceRegistryImpl.java:230)
	at org.hibernate.service.internal.AbstractServiceRegistryImpl.getService(AbstractServiceRegistryImpl.java:207)
	at org.hibernate.boot.model.relational.Database.<init>(Database.java:44)
	at org.hibernate.boot.internal.InFlightMetadataCollectorImpl.getDatabase(InFlightMetadataCollectorImpl.java:218)
	at org.hibernate.boot.internal.InFlightMetadataCollectorImpl.<init>(InFlightMetadataCollectorImpl.java:191)
	at org.hibernate.boot.model.process.spi.MetadataBuildingProcess.complete(MetadataBuildingProcess.java:138)
	at org.hibernate.jpa.boot.internal.EntityManagerFactoryBuilderImpl.metadata(EntityManagerFactoryBuilderImpl.java:1348)
	at org.hibernate.jpa.boot.internal.EntityManagerFactoryBuilderImpl.build(EntityManagerFactoryBuilderImpl.java:1419)
	at org.springframework.orm.jpa.vendor.SpringHibernateJpaPersistenceProvider.createContainerEntityManagerFactory(SpringHibernateJpaPersistenceProvider.java:66)
	at org.springframework.orm.jpa.LocalContainerEntityManagerFactoryBean.createNativeEntityManagerFactory(LocalContainerEntityManagerFactoryBean.java:376)
	at org.springframework.orm.jpa.AbstractEntityManagerFactoryBean.buildNativeEntityManagerFactory(AbstractEntityManagerFactoryBean.java:409)
	at org.springframework.orm.jpa.AbstractEntityManagerFactoryBean.afterPropertiesSet(AbstractEntityManagerFactoryBean.java:396)
	at org.springframework.orm.jpa.LocalContainerEntityManagerFactoryBean.afterPropertiesSet(LocalContainerEntityManagerFactoryBean.java:352)
	at org.springframework.beans.factory.support.AbstractAutowireCapableBeanFactory.invokeInitMethods(AbstractAutowireCapableBeanFactory.java:1816)
	at org.springframework.beans.factory.support.AbstractAutowireCapableBeanFactory.initializeBean(AbstractAutowireCapableBeanFactory.java:1766)
	at org.springframework.beans.factory.support.AbstractAutowireCapableBeanFactory.doCreateBean(AbstractAutowireCapableBeanFactory.java:598)
	at org.springframework.beans.factory.support.AbstractAutowireCapableBeanFactory.createBean(AbstractAutowireCapableBeanFactory.java:520)
	at org.springframework.beans.factory.support.AbstractBeanFactory.lambda$doGetBean$0(AbstractBeanFactory.java:326)
	at org.springframework.beans.factory.support.DefaultSingletonBeanRegistry.getSingleton(DefaultSingletonBeanRegistry.java:234)
	at org.springframework.beans.factory.support.AbstractBeanFactory.doGetBean(AbstractBeanFactory.java:324)
	at org.springframework.beans.factory.support.AbstractBeanFactory.getBean(AbstractBeanFactory.java:200)
	at org.springframework.context.support.AbstractApplicationContext.getBean(AbstractApplicationContext.java:1132)
	at org.springframework.context.support.AbstractApplicationContext.finishBeanFactoryInitialization(AbstractApplicationContext.java:907)
	at org.springframework.context.support.AbstractApplicationContext.refresh(AbstractApplicationContext.java:584)
	at org.springframework.boot.web.servlet.context.ServletWebServerApplicationContext.refresh(ServletWebServerApplicationContext.java:146)
	at org.springframework.boot.SpringApplication.refresh(SpringApplication.java:732)
	at org.springframework.boot.SpringApplication.refreshContext(SpringApplication.java:434)
	at org.springframework.boot.SpringApplication.run(SpringApplication.java:310)
	at org.springframework.boot.SpringApplication.run(SpringApplication.java:1304)
	at org.springframework.boot.SpringApplication.run(SpringApplication.java:1293)
	at com.batrakov.foxcomtesttask.FoxcomTestTaskApplication.main(FoxcomTestTaskApplication.java:10)
Caused by: java.net.ConnectException: Connection refused: no further information
	at java.base/sun.nio.ch.Net.pollConnect(Native Method)
	at java.base/sun.nio.ch.Net.pollConnectNow(Net.java:672)
	at java.base/sun.nio.ch.NioSocketImpl.timedFinishConnect(NioSocketImpl.java:539)
	at java.base/sun.nio.ch.NioSocketImpl.connect(NioSocketImpl.java:594)
	at java.base/java.net.SocksSocketImpl.connect(SocksSocketImpl.java:327)
	at java.base/java.net.Socket.connect(Socket.java:633)
	at org.postgresql.core.PGStream.createSocket(PGStream.java:243)
	at org.postgresql.core.PGStream.<init>(PGStream.java:98)
	at org.postgresql.core.v3.ConnectionFactoryImpl.tryConnect(ConnectionFactoryImpl.java:132)
	at org.postgresql.core.v3.ConnectionFactoryImpl.openConnectionImpl(ConnectionFactoryImpl.java:258)
	... 48 common frames omitted
2023-04-06 08:53:11 WARN  o.h.e.j.e.i.JdbcEnvironmentInitiator:239 - HHH000342: Could not obtain connection to query metadata
org.postgresql.util.PSQLException: Подсоединение по адресу localhost:5431 отклонено. Проверьте что хост и порт указаны правильно и что postmaster принимает TCP/IP-подсоединения.
	at org.postgresql.core.v3.ConnectionFactoryImpl.openConnectionImpl(ConnectionFactoryImpl.java:342)
	at org.postgresql.core.ConnectionFactory.openConnection(ConnectionFactory.java:54)
	at org.postgresql.jdbc.PgConnection.<init>(PgConnection.java:253)
	at org.postgresql.Driver.makeConnection(Driver.java:434)
	at org.postgresql.Driver.connect(Driver.java:291)
	at com.zaxxer.hikari.util.DriverDataSource.getConnection(DriverDataSource.java:138)
	at com.zaxxer.hikari.pool.PoolBase.newConnection(PoolBase.java:359)
	at com.zaxxer.hikari.pool.PoolBase.newPoolEntry(PoolBase.java:201)
	at com.zaxxer.hikari.pool.HikariPool.createPoolEntry(HikariPool.java:470)
	at com.zaxxer.hikari.pool.HikariPool.checkFailFast(HikariPool.java:561)
	at com.zaxxer.hikari.pool.HikariPool.<init>(HikariPool.java:100)
	at com.zaxxer.hikari.HikariDataSource.getConnection(HikariDataSource.java:112)
	at org.hibernate.engine.jdbc.connections.internal.DatasourceConnectionProviderImpl.getConnection(DatasourceConnectionProviderImpl.java:122)
	at org.hibernate.engine.jdbc.env.internal.JdbcEnvironmentInitiator$ConnectionProviderJdbcConnectionAccess.obtainConnection(JdbcEnvironmentInitiator.java:284)
	at org.hibernate.engine.jdbc.env.internal.JdbcEnvironmentInitiator.initiateService(JdbcEnvironmentInitiator.java:177)
	at org.hibernate.engine.jdbc.env.internal.JdbcEnvironmentInitiator.initiateService(JdbcEnvironmentInitiator.java:36)
	at org.hibernate.boot.registry.internal.StandardServiceRegistryImpl.initiateService(StandardServiceRegistryImpl.java:119)
	at org.hibernate.service.internal.AbstractServiceRegistryImpl.createService(AbstractServiceRegistryImpl.java:255)
	at org.hibernate.service.internal.AbstractServiceRegistryImpl.initializeService(AbstractServiceRegistryImpl.java:230)
	at org.hibernate.service.internal.AbstractServiceRegistryImpl.getService(AbstractServiceRegistryImpl.java:207)
	at org.hibernate.boot.model.relational.Database.<init>(Database.java:44)
	at org.hibernate.boot.internal.InFlightMetadataCollectorImpl.getDatabase(InFlightMetadataCollectorImpl.java:218)
	at org.hibernate.boot.internal.InFlightMetadataCollectorImpl.<init>(InFlightMetadataCollectorImpl.java:191)
	at org.hibernate.boot.model.process.spi.MetadataBuildingProcess.complete(MetadataBuildingProcess.java:138)
	at org.hibernate.jpa.boot.internal.EntityManagerFactoryBuilderImpl.metadata(EntityManagerFactoryBuilderImpl.java:1348)
	at org.hibernate.jpa.boot.internal.EntityManagerFactoryBuilderImpl.build(EntityManagerFactoryBuilderImpl.java:1419)
	at org.springframework.orm.jpa.vendor.SpringHibernateJpaPersistenceProvider.createContainerEntityManagerFactory(SpringHibernateJpaPersistenceProvider.java:66)
	at org.springframework.orm.jpa.LocalContainerEntityManagerFactoryBean.createNativeEntityManagerFactory(LocalContainerEntityManagerFactoryBean.java:376)
	at org.springframework.orm.jpa.AbstractEntityManagerFactoryBean.buildNativeEntityManagerFactory(AbstractEntityManagerFactoryBean.java:409)
	at org.springframework.orm.jpa.AbstractEntityManagerFactoryBean.afterPropertiesSet(AbstractEntityManagerFactoryBean.java:396)
	at org.springframework.orm.jpa.LocalContainerEntityManagerFactoryBean.afterPropertiesSet(LocalContainerEntityManagerFactoryBean.java:352)
	at org.springframework.beans.factory.support.AbstractAutowireCapableBeanFactory.invokeInitMethods(AbstractAutowireCapableBeanFactory.java:1816)
	at org.springframework.beans.factory.support.AbstractAutowireCapableBeanFactory.initializeBean(AbstractAutowireCapableBeanFactory.java:1766)
	at org.springframework.beans.factory.support.AbstractAutowireCapableBeanFactory.doCreateBean(AbstractAutowireCapableBeanFactory.java:598)
	at org.springframework.beans.factory.support.AbstractAutowireCapableBeanFactory.createBean(AbstractAutowireCapableBeanFactory.java:520)
	at org.springframework.beans.factory.support.AbstractBeanFactory.lambda$doGetBean$0(AbstractBeanFactory.java:326)
	at org.springframework.beans.factory.support.DefaultSingletonBeanRegistry.getSingleton(DefaultSingletonBeanRegistry.java:234)
	at org.springframework.beans.factory.support.AbstractBeanFactory.doGetBean(AbstractBeanFactory.java:324)
	at org.springframework.beans.factory.support.AbstractBeanFactory.getBean(AbstractBeanFactory.java:200)
	at org.springframework.context.support.AbstractApplicationContext.getBean(AbstractApplicationContext.java:1132)
	at org.springframework.context.support.AbstractApplicationContext.finishBeanFactoryInitialization(AbstractApplicationContext.java:907)
	at org.springframework.context.support.AbstractApplicationContext.refresh(AbstractApplicationContext.java:584)
	at org.springframework.boot.web.servlet.context.ServletWebServerApplicationContext.refresh(ServletWebServerApplicationContext.java:146)
	at org.springframework.boot.SpringApplication.refresh(SpringApplication.java:732)
	at org.springframework.boot.SpringApplication.refreshContext(SpringApplication.java:434)
	at org.springframework.boot.SpringApplication.run(SpringApplication.java:310)
	at org.springframework.boot.SpringApplication.run(SpringApplication.java:1304)
	at org.springframework.boot.SpringApplication.run(SpringApplication.java:1293)
	at com.batrakov.foxcomtesttask.FoxcomTestTaskApplication.main(FoxcomTestTaskApplication.java:10)
Caused by: java.net.ConnectException: Connection refused: no further information
	at java.base/sun.nio.ch.Net.pollConnect(Native Method)
	at java.base/sun.nio.ch.Net.pollConnectNow(Net.java:672)
	at java.base/sun.nio.ch.NioSocketImpl.timedFinishConnect(NioSocketImpl.java:539)
	at java.base/sun.nio.ch.NioSocketImpl.connect(NioSocketImpl.java:594)
	at java.base/java.net.SocksSocketImpl.connect(SocksSocketImpl.java:327)
	at java.base/java.net.Socket.connect(Socket.java:633)
	at org.postgresql.core.PGStream.createSocket(PGStream.java:243)
	at org.postgresql.core.PGStream.<init>(PGStream.java:98)
	at org.postgresql.core.v3.ConnectionFactoryImpl.tryConnect(ConnectionFactoryImpl.java:132)
	at org.postgresql.core.v3.ConnectionFactoryImpl.openConnectionImpl(ConnectionFactoryImpl.java:258)
	... 48 common frames omitted
2023-04-06 08:53:11 ERROR o.s.o.j.LocalContainerEntityManagerFactoryBean:426 - Failed to initialize JPA EntityManagerFactory: Unable to create requested service [org.hibernate.engine.jdbc.env.spi.JdbcEnvironment]
2023-04-06 08:53:11 WARN  o.s.b.w.s.c.AnnotationConfigServletWebServerApplicationContext:592 - Exception encountered during context initialization - cancelling refresh attempt: org.springframework.beans.factory.BeanCreationException: Error creating bean with name 'entityManagerFactory' defined in class path resource [org/springframework/boot/autoconfigure/orm/jpa/HibernateJpaConfiguration.class]: Unable to create requested service [org.hibernate.engine.jdbc.env.spi.JdbcEnvironment]
2023-04-06 08:53:11 INFO  o.a.c.c.StandardService:173 - Stopping service [Tomcat]
2023-04-06 08:53:11 INFO  o.s.b.a.l.ConditionEvaluationReportLogger:82 - 

Error starting ApplicationContext. To display the condition evaluation report re-run your application with 'debug' enabled.
2023-04-06 08:53:11 ERROR o.s.b.SpringApplication:822 - Application run failed
org.springframework.beans.factory.BeanCreationException: Error creating bean with name 'entityManagerFactory' defined in class path resource [org/springframework/boot/autoconfigure/orm/jpa/HibernateJpaConfiguration.class]: Unable to create requested service [org.hibernate.engine.jdbc.env.spi.JdbcEnvironment]
	at org.springframework.beans.factory.support.AbstractAutowireCapableBeanFactory.initializeBean(AbstractAutowireCapableBeanFactory.java:1770)
	at org.springframework.beans.factory.support.AbstractAutowireCapableBeanFactory.doCreateBean(AbstractAutowireCapableBeanFactory.java:598)
	at org.springframework.beans.factory.support.AbstractAutowireCapableBeanFactory.createBean(AbstractAutowireCapableBeanFactory.java:520)
	at org.springframework.beans.factory.support.AbstractBeanFactory.lambda$doGetBean$0(AbstractBeanFactory.java:326)
	at org.springframework.beans.factory.support.DefaultSingletonBeanRegistry.getSingleton(DefaultSingletonBeanRegistry.java:234)
	at org.springframework.beans.factory.support.AbstractBeanFactory.doGetBean(AbstractBeanFactory.java:324)
	at org.springframework.beans.factory.support.AbstractBeanFactory.getBean(AbstractBeanFactory.java:200)
	at org.springframework.context.support.AbstractApplicationContext.getBean(AbstractApplicationContext.java:1132)
	at org.springframework.context.support.AbstractApplicationContext.finishBeanFactoryInitialization(AbstractApplicationContext.java:907)
	at org.springframework.context.support.AbstractApplicationContext.refresh(AbstractApplicationContext.java:584)
	at org.springframework.boot.web.servlet.context.ServletWebServerApplicationContext.refresh(ServletWebServerApplicationContext.java:146)
	at org.springframework.boot.SpringApplication.refresh(SpringApplication.java:732)
	at org.springframework.boot.SpringApplication.refreshContext(SpringApplication.java:434)
	at org.springframework.boot.SpringApplication.run(SpringApplication.java:310)
	at org.springframework.boot.SpringApplication.run(SpringApplication.java:1304)
	at org.springframework.boot.SpringApplication.run(SpringApplication.java:1293)
	at com.batrakov.foxcomtesttask.FoxcomTestTaskApplication.main(FoxcomTestTaskApplication.java:10)
Caused by: org.hibernate.service.spi.ServiceException: Unable to create requested service [org.hibernate.engine.jdbc.env.spi.JdbcEnvironment]
	at org.hibernate.service.internal.AbstractServiceRegistryImpl.createService(AbstractServiceRegistryImpl.java:267)
	at org.hibernate.service.internal.AbstractServiceRegistryImpl.initializeService(AbstractServiceRegistryImpl.java:230)
	at org.hibernate.service.internal.AbstractServiceRegistryImpl.getService(AbstractServiceRegistryImpl.java:207)
	at org.hibernate.boot.model.relational.Database.<init>(Database.java:44)
	at org.hibernate.boot.internal.InFlightMetadataCollectorImpl.getDatabase(InFlightMetadataCollectorImpl.java:218)
	at org.hibernate.boot.internal.InFlightMetadataCollectorImpl.<init>(InFlightMetadataCollectorImpl.java:191)
	at org.hibernate.boot.model.process.spi.MetadataBuildingProcess.complete(MetadataBuildingProcess.java:138)
	at org.hibernate.jpa.boot.internal.EntityManagerFactoryBuilderImpl.metadata(EntityManagerFactoryBuilderImpl.java:1348)
	at org.hibernate.jpa.boot.internal.EntityManagerFactoryBuilderImpl.build(EntityManagerFactoryBuilderImpl.java:1419)
	at org.springframework.orm.jpa.vendor.SpringHibernateJpaPersistenceProvider.createContainerEntityManagerFactory(SpringHibernateJpaPersistenceProvider.java:66)
	at org.springframework.orm.jpa.LocalContainerEntityManagerFactoryBean.createNativeEntityManagerFactory(LocalContainerEntityManagerFactoryBean.java:376)
	at org.springframework.orm.jpa.AbstractEntityManagerFactoryBean.buildNativeEntityManagerFactory(AbstractEntityManagerFactoryBean.java:409)
	at org.springframework.orm.jpa.AbstractEntityManagerFactoryBean.afterPropertiesSet(AbstractEntityManagerFactoryBean.java:396)
	at org.springframework.orm.jpa.LocalContainerEntityManagerFactoryBean.afterPropertiesSet(LocalContainerEntityManagerFactoryBean.java:352)
	at org.springframework.beans.factory.support.AbstractAutowireCapableBeanFactory.invokeInitMethods(AbstractAutowireCapableBeanFactory.java:1816)
	at org.springframework.beans.factory.support.AbstractAutowireCapableBeanFactory.initializeBean(AbstractAutowireCapableBeanFactory.java:1766)
	... 16 common frames omitted
Caused by: org.hibernate.HibernateException: Unable to determine Dialect without JDBC metadata (please set 'javax.persistence.jdbc.url', 'hibernate.connection.url', or 'hibernate.dialect')
	at org.hibernate.engine.jdbc.dialect.internal.DialectFactoryImpl.determineDialect(DialectFactoryImpl.java:147)
	at org.hibernate.engine.jdbc.dialect.internal.DialectFactoryImpl.buildDialect(DialectFactoryImpl.java:60)
	at org.hibernate.engine.jdbc.env.internal.JdbcEnvironmentInitiator.initiateService(JdbcEnvironmentInitiator.java:244)
	at org.hibernate.engine.jdbc.env.internal.JdbcEnvironmentInitiator.initiateService(JdbcEnvironmentInitiator.java:36)
	at org.hibernate.boot.registry.internal.StandardServiceRegistryImpl.initiateService(StandardServiceRegistryImpl.java:119)
	at org.hibernate.service.internal.AbstractServiceRegistryImpl.createService(AbstractServiceRegistryImpl.java:255)
	... 31 common frames omitted
2023-04-06 09:26:17 INFO  c.b.f.FoxcomTestTaskApplication:51 - Starting FoxcomTestTaskApplication using Java 18.0.2.1 with PID 1968 (C:\Users\Roman_B\IdeaProjects\foxcom-test-task\target\classes started by Roman_B in C:\Users\Roman_B\IdeaProjects\foxcom-test-task)
2023-04-06 09:26:17 INFO  c.b.f.FoxcomTestTaskApplication:632 - No active profile set, falling back to 1 default profile: "default"
2023-04-06 09:26:18 INFO  o.s.d.r.c.RepositoryConfigurationDelegate:138 - Bootstrapping Spring Data JPA repositories in DEFAULT mode.
2023-04-06 09:26:18 INFO  o.s.d.r.c.RepositoryConfigurationDelegate:208 - Finished Spring Data repository scanning in 69 ms. Found 4 JPA repository interfaces.
2023-04-06 09:26:18 INFO  o.s.b.w.e.t.TomcatWebServer:108 - Tomcat initialized with port(s): 8084 (http)
2023-04-06 09:26:18 INFO  o.a.c.c.StandardService:173 - Starting service [Tomcat]
2023-04-06 09:26:18 INFO  o.a.c.c.StandardEngine:173 - Starting Servlet engine: [Apache Tomcat/10.1.7]
2023-04-06 09:26:18 INFO  o.a.c.c.C.[.[.[/]:173 - Initializing Spring embedded WebApplicationContext
2023-04-06 09:26:18 INFO  o.s.b.w.s.c.ServletWebServerApplicationContext:291 - Root WebApplicationContext: initialization completed in 1464 ms
2023-04-06 09:26:19 INFO  o.h.j.i.u.LogHelper:31 - HHH000204: Processing PersistenceUnitInfo [name: default]
2023-04-06 09:26:19 INFO  o.h.Version:44 - HHH000412: Hibernate ORM core version 6.1.7.Final
2023-04-06 09:26:19 INFO  c.z.h.HikariDataSource:110 - HikariPool-1 - Starting...
2023-04-06 09:26:19 INFO  c.z.h.p.HikariPool:565 - HikariPool-1 - Added connection org.postgresql.jdbc.PgConnection@79be91eb
2023-04-06 09:26:19 INFO  c.z.h.HikariDataSource:123 - HikariPool-1 - Start completed.
2023-04-06 09:26:19 INFO  SQL dialect:66 - HHH000400: Using dialect: org.hibernate.dialect.PostgreSQLDialect
2023-04-06 09:26:20 WARN  o.h.e.j.s.SqlExceptionHelper:226 - SQL Warning Code: 0, SQLState: 00000
2023-04-06 09:26:20 WARN  o.h.e.j.s.SqlExceptionHelper:227 - relation "resource" does not exist, skipping
2023-04-06 09:26:20 WARN  o.h.e.j.s.SqlExceptionHelper:226 - SQL Warning Code: 0, SQLState: 00000
2023-04-06 09:26:20 WARN  o.h.e.j.s.SqlExceptionHelper:227 - relation "resource" does not exist, skipping
2023-04-06 09:26:20 WARN  o.h.e.j.s.SqlExceptionHelper:226 - SQL Warning Code: 0, SQLState: 00000
2023-04-06 09:26:20 WARN  o.h.e.j.s.SqlExceptionHelper:227 - relation "resource" does not exist, skipping
2023-04-06 09:26:20 WARN  o.h.e.j.s.SqlExceptionHelper:226 - SQL Warning Code: 0, SQLState: 00000
2023-04-06 09:26:20 WARN  o.h.e.j.s.SqlExceptionHelper:227 - table "application" does not exist, skipping
2023-04-06 09:26:20 WARN  o.h.e.j.s.SqlExceptionHelper:226 - SQL Warning Code: 0, SQLState: 00000
2023-04-06 09:26:20 WARN  o.h.e.j.s.SqlExceptionHelper:227 - table "area" does not exist, skipping
2023-04-06 09:26:20 WARN  o.h.e.j.s.SqlExceptionHelper:226 - SQL Warning Code: 0, SQLState: 00000
2023-04-06 09:26:20 WARN  o.h.e.j.s.SqlExceptionHelper:227 - table "resource" does not exist, skipping
2023-04-06 09:26:20 WARN  o.h.e.j.s.SqlExceptionHelper:226 - SQL Warning Code: 0, SQLState: 00000
2023-04-06 09:26:20 WARN  o.h.e.j.s.SqlExceptionHelper:227 - table "resource_type" does not exist, skipping
2023-04-06 09:26:20 INFO  o.h.e.t.j.p.i.JtaPlatformInitiator:51 - HHH000490: Using JtaPlatform implementation: [org.hibernate.engine.transaction.jta.platform.internal.NoJtaPlatform]
2023-04-06 09:26:21 INFO  o.s.o.j.LocalContainerEntityManagerFactoryBean:437 - Initialized JPA EntityManagerFactory for persistence unit 'default'
2023-04-06 09:26:21 WARN  o.s.b.w.s.c.AnnotationConfigServletWebServerApplicationContext:592 - Exception encountered during context initialization - cancelling refresh attempt: org.springframework.beans.factory.UnsatisfiedDependencyException: Error creating bean with name 'huntingAreaController' defined in file [C:\Users\Roman_B\IdeaProjects\foxcom-test-task\target\classes\com\batrakov\foxcomtesttask\controller\HuntingAreaController.class]: Unsatisfied dependency expressed through constructor parameter 0: Error creating bean with name 'huntingAreaServiceImpl' defined in file [C:\Users\Roman_B\IdeaProjects\foxcom-test-task\target\classes\com\batrakov\foxcomtesttask\service\impl\HuntingAreaServiceImpl.class]: Unsatisfied dependency expressed through constructor parameter 0: No qualifying bean of type 'com.batrakov.foxcomtesttask.mapper.HuntingAreaMapper' available: expected at least 1 bean which qualifies as autowire candidate. Dependency annotations: {}
2023-04-06 09:26:21 INFO  o.s.o.j.LocalContainerEntityManagerFactoryBean:650 - Closing JPA EntityManagerFactory for persistence unit 'default'
2023-04-06 09:26:21 INFO  o.h.t.s.i.SchemaDropperImpl$DelayedDropActionImpl:585 - HHH000477: Starting delayed evictData of schema as part of SessionFactory shut-down'
2023-04-06 09:26:21 INFO  c.z.h.HikariDataSource:350 - HikariPool-1 - Shutdown initiated...
2023-04-06 09:26:21 INFO  c.z.h.HikariDataSource:352 - HikariPool-1 - Shutdown completed.
2023-04-06 09:26:21 INFO  o.a.c.c.StandardService:173 - Stopping service [Tomcat]
2023-04-06 09:26:21 INFO  o.s.b.a.l.ConditionEvaluationReportLogger:82 - 

Error starting ApplicationContext. To display the condition evaluation report re-run your application with 'debug' enabled.
2023-04-06 09:26:21 ERROR o.s.b.d.LoggingFailureAnalysisReporter:40 - 

***************************
APPLICATION FAILED TO START
***************************

Description:

Parameter 0 of constructor in com.batrakov.foxcomtesttask.service.impl.HuntingAreaServiceImpl required a bean of type 'com.batrakov.foxcomtesttask.mapper.HuntingAreaMapper' that could not be found.


Action:

Consider defining a bean of type 'com.batrakov.foxcomtesttask.mapper.HuntingAreaMapper' in your configuration.

2023-04-06 09:26:40 INFO  c.b.f.FoxcomTestTaskApplication:51 - Starting FoxcomTestTaskApplication using Java 18.0.2.1 with PID 5212 (C:\Users\Roman_B\IdeaProjects\foxcom-test-task\target\classes started by Roman_B in C:\Users\Roman_B\IdeaProjects\foxcom-test-task)
2023-04-06 09:26:40 INFO  c.b.f.FoxcomTestTaskApplication:632 - No active profile set, falling back to 1 default profile: "default"
2023-04-06 09:26:40 INFO  o.s.d.r.c.RepositoryConfigurationDelegate:138 - Bootstrapping Spring Data JPA repositories in DEFAULT mode.
2023-04-06 09:26:40 INFO  o.s.d.r.c.RepositoryConfigurationDelegate:208 - Finished Spring Data repository scanning in 62 ms. Found 4 JPA repository interfaces.
2023-04-06 09:26:41 INFO  o.s.b.w.e.t.TomcatWebServer:108 - Tomcat initialized with port(s): 8084 (http)
2023-04-06 09:26:41 INFO  o.a.c.c.StandardService:173 - Starting service [Tomcat]
2023-04-06 09:26:41 INFO  o.a.c.c.StandardEngine:173 - Starting Servlet engine: [Apache Tomcat/10.1.7]
2023-04-06 09:26:41 INFO  o.a.c.c.C.[.[.[/]:173 - Initializing Spring embedded WebApplicationContext
2023-04-06 09:26:41 INFO  o.s.b.w.s.c.ServletWebServerApplicationContext:291 - Root WebApplicationContext: initialization completed in 1291 ms
2023-04-06 09:26:41 INFO  o.h.j.i.u.LogHelper:31 - HHH000204: Processing PersistenceUnitInfo [name: default]
2023-04-06 09:26:41 INFO  o.h.Version:44 - HHH000412: Hibernate ORM core version 6.1.7.Final
2023-04-06 09:26:41 INFO  c.z.h.HikariDataSource:110 - HikariPool-1 - Starting...
2023-04-06 09:26:42 INFO  c.z.h.p.HikariPool:565 - HikariPool-1 - Added connection org.postgresql.jdbc.PgConnection@79be91eb
2023-04-06 09:26:42 INFO  c.z.h.HikariDataSource:123 - HikariPool-1 - Start completed.
2023-04-06 09:26:42 INFO  SQL dialect:66 - HHH000400: Using dialect: org.hibernate.dialect.PostgreSQLDialect
2023-04-06 09:26:43 WARN  o.h.e.j.s.SqlExceptionHelper:226 - SQL Warning Code: 0, SQLState: 00000
2023-04-06 09:26:43 WARN  o.h.e.j.s.SqlExceptionHelper:227 - relation "resource" does not exist, skipping
2023-04-06 09:26:43 WARN  o.h.e.j.s.SqlExceptionHelper:226 - SQL Warning Code: 0, SQLState: 00000
2023-04-06 09:26:43 WARN  o.h.e.j.s.SqlExceptionHelper:227 - relation "resource" does not exist, skipping
2023-04-06 09:26:43 WARN  o.h.e.j.s.SqlExceptionHelper:226 - SQL Warning Code: 0, SQLState: 00000
2023-04-06 09:26:43 WARN  o.h.e.j.s.SqlExceptionHelper:227 - relation "resource" does not exist, skipping
2023-04-06 09:26:43 WARN  o.h.e.j.s.SqlExceptionHelper:226 - SQL Warning Code: 0, SQLState: 00000
2023-04-06 09:26:43 WARN  o.h.e.j.s.SqlExceptionHelper:227 - table "application" does not exist, skipping
2023-04-06 09:26:43 WARN  o.h.e.j.s.SqlExceptionHelper:226 - SQL Warning Code: 0, SQLState: 00000
2023-04-06 09:26:43 WARN  o.h.e.j.s.SqlExceptionHelper:227 - table "area" does not exist, skipping
2023-04-06 09:26:43 WARN  o.h.e.j.s.SqlExceptionHelper:226 - SQL Warning Code: 0, SQLState: 00000
2023-04-06 09:26:43 WARN  o.h.e.j.s.SqlExceptionHelper:227 - table "resource" does not exist, skipping
2023-04-06 09:26:43 WARN  o.h.e.j.s.SqlExceptionHelper:226 - SQL Warning Code: 0, SQLState: 00000
2023-04-06 09:26:43 WARN  o.h.e.j.s.SqlExceptionHelper:227 - table "resource_type" does not exist, skipping
2023-04-06 09:26:43 INFO  o.h.e.t.j.p.i.JtaPlatformInitiator:51 - HHH000490: Using JtaPlatform implementation: [org.hibernate.engine.transaction.jta.platform.internal.NoJtaPlatform]
2023-04-06 09:26:43 INFO  o.s.o.j.LocalContainerEntityManagerFactoryBean:437 - Initialized JPA EntityManagerFactory for persistence unit 'default'
2023-04-06 09:26:43 WARN  o.s.b.w.s.c.AnnotationConfigServletWebServerApplicationContext:592 - Exception encountered during context initialization - cancelling refresh attempt: org.springframework.beans.factory.UnsatisfiedDependencyException: Error creating bean with name 'huntingAreaController' defined in file [C:\Users\Roman_B\IdeaProjects\foxcom-test-task\target\classes\com\batrakov\foxcomtesttask\controller\HuntingAreaController.class]: Unsatisfied dependency expressed through constructor parameter 0: Error creating bean with name 'huntingAreaServiceImpl' defined in file [C:\Users\Roman_B\IdeaProjects\foxcom-test-task\target\classes\com\batrakov\foxcomtesttask\service\impl\HuntingAreaServiceImpl.class]: Unsatisfied dependency expressed through constructor parameter 0: No qualifying bean of type 'com.batrakov.foxcomtesttask.mapper.HuntingAreaMapper' available: expected at least 1 bean which qualifies as autowire candidate. Dependency annotations: {}
2023-04-06 09:26:43 INFO  o.s.o.j.LocalContainerEntityManagerFactoryBean:650 - Closing JPA EntityManagerFactory for persistence unit 'default'
2023-04-06 09:26:43 INFO  o.h.t.s.i.SchemaDropperImpl$DelayedDropActionImpl:585 - HHH000477: Starting delayed evictData of schema as part of SessionFactory shut-down'
2023-04-06 09:26:43 INFO  c.z.h.HikariDataSource:350 - HikariPool-1 - Shutdown initiated...
2023-04-06 09:26:43 INFO  c.z.h.HikariDataSource:352 - HikariPool-1 - Shutdown completed.
2023-04-06 09:26:43 INFO  o.a.c.c.StandardService:173 - Stopping service [Tomcat]
2023-04-06 09:26:43 INFO  o.s.b.a.l.ConditionEvaluationReportLogger:82 - 

Error starting ApplicationContext. To display the condition evaluation report re-run your application with 'debug' enabled.
2023-04-06 09:26:43 ERROR o.s.b.d.LoggingFailureAnalysisReporter:40 - 

***************************
APPLICATION FAILED TO START
***************************

Description:

Parameter 0 of constructor in com.batrakov.foxcomtesttask.service.impl.HuntingAreaServiceImpl required a bean of type 'com.batrakov.foxcomtesttask.mapper.HuntingAreaMapper' that could not be found.


Action:

Consider defining a bean of type 'com.batrakov.foxcomtesttask.mapper.HuntingAreaMapper' in your configuration.

2023-04-06 09:29:07 INFO  c.b.f.FoxcomTestTaskApplication:51 - Starting FoxcomTestTaskApplication using Java 18.0.2.1 with PID 7012 (C:\Users\Roman_B\IdeaProjects\foxcom-test-task\target\classes started by Roman_B in C:\Users\Roman_B\IdeaProjects\foxcom-test-task)
2023-04-06 09:29:07 INFO  c.b.f.FoxcomTestTaskApplication:632 - No active profile set, falling back to 1 default profile: "default"
2023-04-06 09:29:08 INFO  o.s.d.r.c.RepositoryConfigurationDelegate:138 - Bootstrapping Spring Data JPA repositories in DEFAULT mode.
2023-04-06 09:29:08 INFO  o.s.d.r.c.RepositoryConfigurationDelegate:208 - Finished Spring Data repository scanning in 63 ms. Found 4 JPA repository interfaces.
2023-04-06 09:29:08 INFO  o.s.b.w.e.t.TomcatWebServer:108 - Tomcat initialized with port(s): 8084 (http)
2023-04-06 09:29:08 INFO  o.a.c.c.StandardService:173 - Starting service [Tomcat]
2023-04-06 09:29:08 INFO  o.a.c.c.StandardEngine:173 - Starting Servlet engine: [Apache Tomcat/10.1.7]
2023-04-06 09:29:08 INFO  o.a.c.c.C.[.[.[/]:173 - Initializing Spring embedded WebApplicationContext
2023-04-06 09:29:08 INFO  o.s.b.w.s.c.ServletWebServerApplicationContext:291 - Root WebApplicationContext: initialization completed in 1539 ms
2023-04-06 09:29:08 INFO  o.h.j.i.u.LogHelper:31 - HHH000204: Processing PersistenceUnitInfo [name: default]
2023-04-06 09:29:08 INFO  o.h.Version:44 - HHH000412: Hibernate ORM core version 6.1.7.Final
2023-04-06 09:29:09 INFO  c.z.h.HikariDataSource:110 - HikariPool-1 - Starting...
2023-04-06 09:29:09 INFO  c.z.h.p.HikariPool:565 - HikariPool-1 - Added connection org.postgresql.jdbc.PgConnection@68e5c7ae
2023-04-06 09:29:09 INFO  c.z.h.HikariDataSource:123 - HikariPool-1 - Start completed.
2023-04-06 09:29:09 INFO  SQL dialect:66 - HHH000400: Using dialect: org.hibernate.dialect.PostgreSQLDialect
2023-04-06 09:29:10 WARN  o.h.e.j.s.SqlExceptionHelper:226 - SQL Warning Code: 0, SQLState: 00000
2023-04-06 09:29:10 WARN  o.h.e.j.s.SqlExceptionHelper:227 - relation "resource" does not exist, skipping
2023-04-06 09:29:10 WARN  o.h.e.j.s.SqlExceptionHelper:226 - SQL Warning Code: 0, SQLState: 00000
2023-04-06 09:29:10 WARN  o.h.e.j.s.SqlExceptionHelper:227 - relation "resource" does not exist, skipping
2023-04-06 09:29:10 WARN  o.h.e.j.s.SqlExceptionHelper:226 - SQL Warning Code: 0, SQLState: 00000
2023-04-06 09:29:10 WARN  o.h.e.j.s.SqlExceptionHelper:227 - relation "resource" does not exist, skipping
2023-04-06 09:29:10 WARN  o.h.e.j.s.SqlExceptionHelper:226 - SQL Warning Code: 0, SQLState: 00000
2023-04-06 09:29:10 WARN  o.h.e.j.s.SqlExceptionHelper:227 - table "application" does not exist, skipping
2023-04-06 09:29:10 WARN  o.h.e.j.s.SqlExceptionHelper:226 - SQL Warning Code: 0, SQLState: 00000
2023-04-06 09:29:10 WARN  o.h.e.j.s.SqlExceptionHelper:227 - table "area" does not exist, skipping
2023-04-06 09:29:10 WARN  o.h.e.j.s.SqlExceptionHelper:226 - SQL Warning Code: 0, SQLState: 00000
2023-04-06 09:29:10 WARN  o.h.e.j.s.SqlExceptionHelper:227 - table "resource" does not exist, skipping
2023-04-06 09:29:10 WARN  o.h.e.j.s.SqlExceptionHelper:226 - SQL Warning Code: 0, SQLState: 00000
2023-04-06 09:29:10 WARN  o.h.e.j.s.SqlExceptionHelper:227 - table "resource_type" does not exist, skipping
2023-04-06 09:29:11 INFO  o.h.e.t.j.p.i.JtaPlatformInitiator:51 - HHH000490: Using JtaPlatform implementation: [org.hibernate.engine.transaction.jta.platform.internal.NoJtaPlatform]
2023-04-06 09:29:11 INFO  o.s.o.j.LocalContainerEntityManagerFactoryBean:437 - Initialized JPA EntityManagerFactory for persistence unit 'default'
2023-04-06 09:29:12 WARN  o.s.b.w.s.c.AnnotationConfigServletWebServerApplicationContext:592 - Exception encountered during context initialization - cancelling refresh attempt: org.springframework.beans.factory.UnsatisfiedDependencyException: Error creating bean with name 'huntingAreaController' defined in file [C:\Users\Roman_B\IdeaProjects\foxcom-test-task\target\classes\com\batrakov\foxcomtesttask\controller\HuntingAreaController.class]: Unsatisfied dependency expressed through constructor parameter 0: Error creating bean with name 'huntingAreaServiceImpl' defined in file [C:\Users\Roman_B\IdeaProjects\foxcom-test-task\target\classes\com\batrakov\foxcomtesttask\service\impl\HuntingAreaServiceImpl.class]: Unsatisfied dependency expressed through constructor parameter 0: No qualifying bean of type 'com.batrakov.foxcomtesttask.mapper.HuntingAreaMapper' available: expected at least 1 bean which qualifies as autowire candidate. Dependency annotations: {}
2023-04-06 09:29:12 INFO  o.s.o.j.LocalContainerEntityManagerFactoryBean:650 - Closing JPA EntityManagerFactory for persistence unit 'default'
2023-04-06 09:29:12 INFO  o.h.t.s.i.SchemaDropperImpl$DelayedDropActionImpl:585 - HHH000477: Starting delayed evictData of schema as part of SessionFactory shut-down'
2023-04-06 09:29:12 INFO  c.z.h.HikariDataSource:350 - HikariPool-1 - Shutdown initiated...
2023-04-06 09:29:12 INFO  c.z.h.HikariDataSource:352 - HikariPool-1 - Shutdown completed.
2023-04-06 09:29:12 INFO  o.a.c.c.StandardService:173 - Stopping service [Tomcat]
2023-04-06 09:29:12 INFO  o.s.b.a.l.ConditionEvaluationReportLogger:82 - 

Error starting ApplicationContext. To display the condition evaluation report re-run your application with 'debug' enabled.
2023-04-06 09:29:12 ERROR o.s.b.d.LoggingFailureAnalysisReporter:40 - 

***************************
APPLICATION FAILED TO START
***************************

Description:

Parameter 0 of constructor in com.batrakov.foxcomtesttask.service.impl.HuntingAreaServiceImpl required a bean of type 'com.batrakov.foxcomtesttask.mapper.HuntingAreaMapper' that could not be found.


Action:

Consider defining a bean of type 'com.batrakov.foxcomtesttask.mapper.HuntingAreaMapper' in your configuration.

2023-04-06 12:56:16 INFO  c.b.f.FoxcomTestTaskApplication:51 - Starting FoxcomTestTaskApplication using Java 18.0.2.1 with PID 17364 (C:\Users\Roman_B\IdeaProjects\foxcom-test-task\target\classes started by Roman_B in C:\Users\Roman_B\IdeaProjects\foxcom-test-task)
2023-04-06 12:56:16 INFO  c.b.f.FoxcomTestTaskApplication:632 - No active profile set, falling back to 1 default profile: "default"
2023-04-06 12:56:17 INFO  o.s.d.r.c.RepositoryConfigurationDelegate:138 - Bootstrapping Spring Data JPA repositories in DEFAULT mode.
2023-04-06 12:56:17 INFO  o.s.d.r.c.RepositoryConfigurationDelegate:208 - Finished Spring Data repository scanning in 61 ms. Found 4 JPA repository interfaces.
2023-04-06 12:56:17 INFO  o.s.b.w.e.t.TomcatWebServer:108 - Tomcat initialized with port(s): 8084 (http)
2023-04-06 12:56:17 INFO  o.a.c.c.StandardService:173 - Starting service [Tomcat]
2023-04-06 12:56:17 INFO  o.a.c.c.StandardEngine:173 - Starting Servlet engine: [Apache Tomcat/10.1.7]
2023-04-06 12:56:17 INFO  o.a.c.c.C.[.[.[/]:173 - Initializing Spring embedded WebApplicationContext
2023-04-06 12:56:17 INFO  o.s.b.w.s.c.ServletWebServerApplicationContext:291 - Root WebApplicationContext: initialization completed in 1388 ms
2023-04-06 12:56:18 INFO  o.h.j.i.u.LogHelper:31 - HHH000204: Processing PersistenceUnitInfo [name: default]
2023-04-06 12:56:18 INFO  o.h.Version:44 - HHH000412: Hibernate ORM core version 6.1.7.Final
2023-04-06 12:56:18 INFO  c.z.h.HikariDataSource:110 - HikariPool-1 - Starting...
2023-04-06 12:56:18 INFO  c.z.h.p.HikariPool:565 - HikariPool-1 - Added connection org.postgresql.jdbc.PgConnection@4d69d288
2023-04-06 12:56:18 INFO  c.z.h.HikariDataSource:123 - HikariPool-1 - Start completed.
2023-04-06 12:56:18 INFO  SQL dialect:66 - HHH000400: Using dialect: org.hibernate.dialect.PostgreSQLDialect
2023-04-06 12:56:19 WARN  o.h.e.j.s.SqlExceptionHelper:226 - SQL Warning Code: 0, SQLState: 00000
2023-04-06 12:56:19 WARN  o.h.e.j.s.SqlExceptionHelper:227 - relation "resource" does not exist, skipping
2023-04-06 12:56:19 WARN  o.h.e.j.s.SqlExceptionHelper:226 - SQL Warning Code: 0, SQLState: 00000
2023-04-06 12:56:19 WARN  o.h.e.j.s.SqlExceptionHelper:227 - relation "resource" does not exist, skipping
2023-04-06 12:56:19 WARN  o.h.e.j.s.SqlExceptionHelper:226 - SQL Warning Code: 0, SQLState: 00000
2023-04-06 12:56:19 WARN  o.h.e.j.s.SqlExceptionHelper:227 - relation "resource" does not exist, skipping
2023-04-06 12:56:19 WARN  o.h.e.j.s.SqlExceptionHelper:226 - SQL Warning Code: 0, SQLState: 00000
2023-04-06 12:56:19 WARN  o.h.e.j.s.SqlExceptionHelper:227 - table "application" does not exist, skipping
2023-04-06 12:56:19 WARN  o.h.e.j.s.SqlExceptionHelper:226 - SQL Warning Code: 0, SQLState: 00000
2023-04-06 12:56:19 WARN  o.h.e.j.s.SqlExceptionHelper:227 - table "area" does not exist, skipping
2023-04-06 12:56:19 WARN  o.h.e.j.s.SqlExceptionHelper:226 - SQL Warning Code: 0, SQLState: 00000
2023-04-06 12:56:19 WARN  o.h.e.j.s.SqlExceptionHelper:227 - table "resource" does not exist, skipping
2023-04-06 12:56:19 WARN  o.h.e.j.s.SqlExceptionHelper:226 - SQL Warning Code: 0, SQLState: 00000
2023-04-06 12:56:19 WARN  o.h.e.j.s.SqlExceptionHelper:227 - table "resource_type" does not exist, skipping
2023-04-06 12:56:19 INFO  o.h.e.t.j.p.i.JtaPlatformInitiator:51 - HHH000490: Using JtaPlatform implementation: [org.hibernate.engine.transaction.jta.platform.internal.NoJtaPlatform]
2023-04-06 12:56:19 INFO  o.s.o.j.LocalContainerEntityManagerFactoryBean:437 - Initialized JPA EntityManagerFactory for persistence unit 'default'
2023-04-06 12:56:19 WARN  o.s.b.w.s.c.AnnotationConfigServletWebServerApplicationContext:592 - Exception encountered during context initialization - cancelling refresh attempt: org.springframework.beans.factory.UnsatisfiedDependencyException: Error creating bean with name 'huntingAreaController' defined in file [C:\Users\Roman_B\IdeaProjects\foxcom-test-task\target\classes\com\batrakov\foxcomtesttask\controller\HuntingAreaController.class]: Unsatisfied dependency expressed through constructor parameter 0: Error creating bean with name 'huntingAreaServiceImpl' defined in file [C:\Users\Roman_B\IdeaProjects\foxcom-test-task\target\classes\com\batrakov\foxcomtesttask\service\impl\HuntingAreaServiceImpl.class]: Unsatisfied dependency expressed through constructor parameter 0: No qualifying bean of type 'com.batrakov.foxcomtesttask.mapper.HuntingAreaMapper' available: expected at least 1 bean which qualifies as autowire candidate. Dependency annotations: {}
2023-04-06 12:56:19 INFO  o.s.o.j.LocalContainerEntityManagerFactoryBean:650 - Closing JPA EntityManagerFactory for persistence unit 'default'
2023-04-06 12:56:19 INFO  o.h.t.s.i.SchemaDropperImpl$DelayedDropActionImpl:585 - HHH000477: Starting delayed evictData of schema as part of SessionFactory shut-down'
2023-04-06 12:56:19 INFO  c.z.h.HikariDataSource:350 - HikariPool-1 - Shutdown initiated...
2023-04-06 12:56:19 INFO  c.z.h.HikariDataSource:352 - HikariPool-1 - Shutdown completed.
2023-04-06 12:56:20 INFO  o.a.c.c.StandardService:173 - Stopping service [Tomcat]
2023-04-06 12:56:20 INFO  o.s.b.a.l.ConditionEvaluationReportLogger:82 - 

Error starting ApplicationContext. To display the condition evaluation report re-run your application with 'debug' enabled.
2023-04-06 12:56:20 ERROR o.s.b.d.LoggingFailureAnalysisReporter:40 - 

***************************
APPLICATION FAILED TO START
***************************

Description:

Parameter 0 of constructor in com.batrakov.foxcomtesttask.service.impl.HuntingAreaServiceImpl required a bean of type 'com.batrakov.foxcomtesttask.mapper.HuntingAreaMapper' that could not be found.


Action:

Consider defining a bean of type 'com.batrakov.foxcomtesttask.mapper.HuntingAreaMapper' in your configuration.

2023-04-06 13:05:47 INFO  c.b.f.FoxcomTestTaskApplication:51 - Starting FoxcomTestTaskApplication using Java 18.0.2.1 with PID 15528 (C:\Users\Roman_B\IdeaProjects\foxcom-test-task\target\classes started by Roman_B in C:\Users\Roman_B\IdeaProjects\foxcom-test-task)
2023-04-06 13:05:47 INFO  c.b.f.FoxcomTestTaskApplication:632 - No active profile set, falling back to 1 default profile: "default"
2023-04-06 13:05:48 INFO  o.s.d.r.c.RepositoryConfigurationDelegate:138 - Bootstrapping Spring Data JPA repositories in DEFAULT mode.
2023-04-06 13:05:48 INFO  o.s.d.r.c.RepositoryConfigurationDelegate:208 - Finished Spring Data repository scanning in 80 ms. Found 4 JPA repository interfaces.
2023-04-06 13:05:48 INFO  o.s.b.w.e.t.TomcatWebServer:108 - Tomcat initialized with port(s): 8084 (http)
2023-04-06 13:05:48 INFO  o.a.c.c.StandardService:173 - Starting service [Tomcat]
2023-04-06 13:05:48 INFO  o.a.c.c.StandardEngine:173 - Starting Servlet engine: [Apache Tomcat/10.1.7]
2023-04-06 13:05:49 INFO  o.a.c.c.C.[.[.[/]:173 - Initializing Spring embedded WebApplicationContext
2023-04-06 13:05:49 INFO  o.s.b.w.s.c.ServletWebServerApplicationContext:291 - Root WebApplicationContext: initialization completed in 1417 ms
2023-04-06 13:05:49 INFO  o.h.j.i.u.LogHelper:31 - HHH000204: Processing PersistenceUnitInfo [name: default]
2023-04-06 13:05:49 INFO  o.h.Version:44 - HHH000412: Hibernate ORM core version 6.1.7.Final
2023-04-06 13:05:49 INFO  c.z.h.HikariDataSource:110 - HikariPool-1 - Starting...
2023-04-06 13:05:49 INFO  c.z.h.p.HikariPool:565 - HikariPool-1 - Added connection org.postgresql.jdbc.PgConnection@3360283
2023-04-06 13:05:49 INFO  c.z.h.HikariDataSource:123 - HikariPool-1 - Start completed.
2023-04-06 13:05:49 INFO  SQL dialect:66 - HHH000400: Using dialect: org.hibernate.dialect.PostgreSQLDialect
2023-04-06 13:05:50 WARN  o.h.e.j.s.SqlExceptionHelper:226 - SQL Warning Code: 0, SQLState: 00000
2023-04-06 13:05:50 WARN  o.h.e.j.s.SqlExceptionHelper:227 - relation "resource" does not exist, skipping
2023-04-06 13:05:50 WARN  o.h.e.j.s.SqlExceptionHelper:226 - SQL Warning Code: 0, SQLState: 00000
2023-04-06 13:05:50 WARN  o.h.e.j.s.SqlExceptionHelper:227 - relation "resource" does not exist, skipping
2023-04-06 13:05:50 WARN  o.h.e.j.s.SqlExceptionHelper:226 - SQL Warning Code: 0, SQLState: 00000
2023-04-06 13:05:50 WARN  o.h.e.j.s.SqlExceptionHelper:227 - relation "resource" does not exist, skipping
2023-04-06 13:05:50 WARN  o.h.e.j.s.SqlExceptionHelper:226 - SQL Warning Code: 0, SQLState: 00000
2023-04-06 13:05:50 WARN  o.h.e.j.s.SqlExceptionHelper:227 - table "application" does not exist, skipping
2023-04-06 13:05:50 WARN  o.h.e.j.s.SqlExceptionHelper:226 - SQL Warning Code: 0, SQLState: 00000
2023-04-06 13:05:50 WARN  o.h.e.j.s.SqlExceptionHelper:227 - table "area" does not exist, skipping
2023-04-06 13:05:50 WARN  o.h.e.j.s.SqlExceptionHelper:226 - SQL Warning Code: 0, SQLState: 00000
2023-04-06 13:05:50 WARN  o.h.e.j.s.SqlExceptionHelper:227 - table "resource" does not exist, skipping
2023-04-06 13:05:50 WARN  o.h.e.j.s.SqlExceptionHelper:226 - SQL Warning Code: 0, SQLState: 00000
2023-04-06 13:05:50 WARN  o.h.e.j.s.SqlExceptionHelper:227 - table "resource_type" does not exist, skipping
2023-04-06 13:05:50 INFO  o.h.e.t.j.p.i.JtaPlatformInitiator:51 - HHH000490: Using JtaPlatform implementation: [org.hibernate.engine.transaction.jta.platform.internal.NoJtaPlatform]
2023-04-06 13:05:50 INFO  o.s.o.j.LocalContainerEntityManagerFactoryBean:437 - Initialized JPA EntityManagerFactory for persistence unit 'default'
2023-04-06 13:05:51 WARN  o.s.b.w.s.c.AnnotationConfigServletWebServerApplicationContext:592 - Exception encountered during context initialization - cancelling refresh attempt: org.springframework.beans.factory.UnsatisfiedDependencyException: Error creating bean with name 'huntingAreaController' defined in file [C:\Users\Roman_B\IdeaProjects\foxcom-test-task\target\classes\com\batrakov\foxcomtesttask\controller\HuntingAreaController.class]: Unsatisfied dependency expressed through constructor parameter 0: Error creating bean with name 'huntingAreaServiceImpl' defined in file [C:\Users\Roman_B\IdeaProjects\foxcom-test-task\target\classes\com\batrakov\foxcomtesttask\service\impl\HuntingAreaServiceImpl.class]: Unsatisfied dependency expressed through constructor parameter 0: No qualifying bean of type 'com.batrakov.foxcomtesttask.mapper.HuntingAreaMapper' available: expected at least 1 bean which qualifies as autowire candidate. Dependency annotations: {}
2023-04-06 13:05:51 INFO  o.s.o.j.LocalContainerEntityManagerFactoryBean:650 - Closing JPA EntityManagerFactory for persistence unit 'default'
2023-04-06 13:05:51 INFO  o.h.t.s.i.SchemaDropperImpl$DelayedDropActionImpl:585 - HHH000477: Starting delayed evictData of schema as part of SessionFactory shut-down'
2023-04-06 13:05:51 INFO  c.z.h.HikariDataSource:350 - HikariPool-1 - Shutdown initiated...
2023-04-06 13:05:51 INFO  c.z.h.HikariDataSource:352 - HikariPool-1 - Shutdown completed.
2023-04-06 13:05:51 INFO  o.a.c.c.StandardService:173 - Stopping service [Tomcat]
2023-04-06 13:05:51 INFO  o.s.b.a.l.ConditionEvaluationReportLogger:82 - 

Error starting ApplicationContext. To display the condition evaluation report re-run your application with 'debug' enabled.
2023-04-06 13:05:51 ERROR o.s.b.d.LoggingFailureAnalysisReporter:40 - 

***************************
APPLICATION FAILED TO START
***************************

Description:

Parameter 0 of constructor in com.batrakov.foxcomtesttask.service.impl.HuntingAreaServiceImpl required a bean of type 'com.batrakov.foxcomtesttask.mapper.HuntingAreaMapper' that could not be found.


Action:

Consider defining a bean of type 'com.batrakov.foxcomtesttask.mapper.HuntingAreaMapper' in your configuration.

2023-04-06 13:06:13 INFO  c.b.f.FoxcomTestTaskApplication:51 - Starting FoxcomTestTaskApplication using Java 18.0.2.1 with PID 1168 (C:\Users\Roman_B\IdeaProjects\foxcom-test-task\target\classes started by Roman_B in C:\Users\Roman_B\IdeaProjects\foxcom-test-task)
2023-04-06 13:06:13 INFO  c.b.f.FoxcomTestTaskApplication:632 - No active profile set, falling back to 1 default profile: "default"
2023-04-06 13:06:14 INFO  o.s.d.r.c.RepositoryConfigurationDelegate:138 - Bootstrapping Spring Data JPA repositories in DEFAULT mode.
2023-04-06 13:06:14 INFO  o.s.d.r.c.RepositoryConfigurationDelegate:208 - Finished Spring Data repository scanning in 64 ms. Found 4 JPA repository interfaces.
2023-04-06 13:06:14 INFO  o.s.b.w.e.t.TomcatWebServer:108 - Tomcat initialized with port(s): 8084 (http)
2023-04-06 13:06:14 INFO  o.a.c.c.StandardService:173 - Starting service [Tomcat]
2023-04-06 13:06:14 INFO  o.a.c.c.StandardEngine:173 - Starting Servlet engine: [Apache Tomcat/10.1.7]
2023-04-06 13:06:15 INFO  o.a.c.c.C.[.[.[/]:173 - Initializing Spring embedded WebApplicationContext
2023-04-06 13:06:15 INFO  o.s.b.w.s.c.ServletWebServerApplicationContext:291 - Root WebApplicationContext: initialization completed in 1292 ms
2023-04-06 13:06:15 INFO  o.h.j.i.u.LogHelper:31 - HHH000204: Processing PersistenceUnitInfo [name: default]
2023-04-06 13:06:15 INFO  o.h.Version:44 - HHH000412: Hibernate ORM core version 6.1.7.Final
2023-04-06 13:06:15 INFO  c.z.h.HikariDataSource:110 - HikariPool-1 - Starting...
2023-04-06 13:06:15 INFO  c.z.h.p.HikariPool:565 - HikariPool-1 - Added connection org.postgresql.jdbc.PgConnection@359ceb13
2023-04-06 13:06:15 INFO  c.z.h.HikariDataSource:123 - HikariPool-1 - Start completed.
2023-04-06 13:06:15 INFO  SQL dialect:66 - HHH000400: Using dialect: org.hibernate.dialect.PostgreSQLDialect
2023-04-06 13:06:16 WARN  o.h.e.j.s.SqlExceptionHelper:226 - SQL Warning Code: 0, SQLState: 00000
2023-04-06 13:06:16 WARN  o.h.e.j.s.SqlExceptionHelper:227 - relation "resource" does not exist, skipping
2023-04-06 13:06:16 WARN  o.h.e.j.s.SqlExceptionHelper:226 - SQL Warning Code: 0, SQLState: 00000
2023-04-06 13:06:16 WARN  o.h.e.j.s.SqlExceptionHelper:227 - relation "resource" does not exist, skipping
2023-04-06 13:06:16 WARN  o.h.e.j.s.SqlExceptionHelper:226 - SQL Warning Code: 0, SQLState: 00000
2023-04-06 13:06:16 WARN  o.h.e.j.s.SqlExceptionHelper:227 - relation "resource" does not exist, skipping
2023-04-06 13:06:16 WARN  o.h.e.j.s.SqlExceptionHelper:226 - SQL Warning Code: 0, SQLState: 00000
2023-04-06 13:06:16 WARN  o.h.e.j.s.SqlExceptionHelper:227 - table "application" does not exist, skipping
2023-04-06 13:06:16 WARN  o.h.e.j.s.SqlExceptionHelper:226 - SQL Warning Code: 0, SQLState: 00000
2023-04-06 13:06:16 WARN  o.h.e.j.s.SqlExceptionHelper:227 - table "area" does not exist, skipping
2023-04-06 13:06:16 WARN  o.h.e.j.s.SqlExceptionHelper:226 - SQL Warning Code: 0, SQLState: 00000
2023-04-06 13:06:16 WARN  o.h.e.j.s.SqlExceptionHelper:227 - table "resource" does not exist, skipping
2023-04-06 13:06:16 WARN  o.h.e.j.s.SqlExceptionHelper:226 - SQL Warning Code: 0, SQLState: 00000
2023-04-06 13:06:16 WARN  o.h.e.j.s.SqlExceptionHelper:227 - table "resource_type" does not exist, skipping
2023-04-06 13:06:18 INFO  o.h.e.t.j.p.i.JtaPlatformInitiator:51 - HHH000490: Using JtaPlatform implementation: [org.hibernate.engine.transaction.jta.platform.internal.NoJtaPlatform]
2023-04-06 13:06:18 INFO  o.s.o.j.LocalContainerEntityManagerFactoryBean:437 - Initialized JPA EntityManagerFactory for persistence unit 'default'
2023-04-06 13:06:18 INFO  o.s.b.w.e.t.TomcatWebServer:220 - Tomcat started on port(s): 8084 (http) with context path ''
2023-04-06 13:06:18 INFO  c.b.f.FoxcomTestTaskApplication:57 - Started FoxcomTestTaskApplication in 5.668 seconds (process running for 6.538)
2023-04-06 13:07:04 INFO  o.s.o.j.LocalContainerEntityManagerFactoryBean:650 - Closing JPA EntityManagerFactory for persistence unit 'default'
2023-04-06 13:07:04 INFO  o.h.t.s.i.SchemaDropperImpl$DelayedDropActionImpl:585 - HHH000477: Starting delayed evictData of schema as part of SessionFactory shut-down'
2023-04-06 13:07:04 INFO  c.z.h.HikariDataSource:350 - HikariPool-1 - Shutdown initiated...
2023-04-06 13:07:04 INFO  c.z.h.HikariDataSource:352 - HikariPool-1 - Shutdown completed.
2023-04-06 13:07:48 INFO  c.b.f.FoxcomTestTaskApplication:51 - Starting FoxcomTestTaskApplication using Java 18.0.2.1 with PID 17096 (C:\Users\Roman_B\IdeaProjects\foxcom-test-task\target\classes started by Roman_B in C:\Users\Roman_B\IdeaProjects\foxcom-test-task)
2023-04-06 13:07:48 INFO  c.b.f.FoxcomTestTaskApplication:632 - No active profile set, falling back to 1 default profile: "default"
2023-04-06 13:07:49 INFO  o.s.d.r.c.RepositoryConfigurationDelegate:138 - Bootstrapping Spring Data JPA repositories in DEFAULT mode.
2023-04-06 13:07:49 INFO  o.s.d.r.c.RepositoryConfigurationDelegate:208 - Finished Spring Data repository scanning in 67 ms. Found 4 JPA repository interfaces.
2023-04-06 13:07:50 INFO  o.s.b.w.e.t.TomcatWebServer:108 - Tomcat initialized with port(s): 8084 (http)
2023-04-06 13:07:50 INFO  o.a.c.c.StandardService:173 - Starting service [Tomcat]
2023-04-06 13:07:50 INFO  o.a.c.c.StandardEngine:173 - Starting Servlet engine: [Apache Tomcat/10.1.7]
2023-04-06 13:07:50 INFO  o.a.c.c.C.[.[.[/]:173 - Initializing Spring embedded WebApplicationContext
2023-04-06 13:07:50 INFO  o.s.b.w.s.c.ServletWebServerApplicationContext:291 - Root WebApplicationContext: initialization completed in 1287 ms
2023-04-06 13:07:50 INFO  o.h.j.i.u.LogHelper:31 - HHH000204: Processing PersistenceUnitInfo [name: default]
2023-04-06 13:07:50 INFO  o.h.Version:44 - HHH000412: Hibernate ORM core version 6.1.7.Final
2023-04-06 13:07:50 INFO  c.z.h.HikariDataSource:110 - HikariPool-1 - Starting...
2023-04-06 13:07:50 INFO  c.z.h.p.HikariPool:565 - HikariPool-1 - Added connection org.postgresql.jdbc.PgConnection@795b66d
2023-04-06 13:07:50 INFO  c.z.h.HikariDataSource:123 - HikariPool-1 - Start completed.
2023-04-06 13:07:51 INFO  SQL dialect:66 - HHH000400: Using dialect: org.hibernate.dialect.PostgreSQLDialect
2023-04-06 13:07:51 WARN  o.h.e.j.s.SqlExceptionHelper:226 - SQL Warning Code: 0, SQLState: 00000
2023-04-06 13:07:51 WARN  o.h.e.j.s.SqlExceptionHelper:227 - relation "resource" does not exist, skipping
2023-04-06 13:07:51 WARN  o.h.e.j.s.SqlExceptionHelper:226 - SQL Warning Code: 0, SQLState: 00000
2023-04-06 13:07:51 WARN  o.h.e.j.s.SqlExceptionHelper:227 - relation "resource" does not exist, skipping
2023-04-06 13:07:51 WARN  o.h.e.j.s.SqlExceptionHelper:226 - SQL Warning Code: 0, SQLState: 00000
2023-04-06 13:07:51 WARN  o.h.e.j.s.SqlExceptionHelper:227 - relation "resource" does not exist, skipping
2023-04-06 13:07:51 WARN  o.h.e.j.s.SqlExceptionHelper:226 - SQL Warning Code: 0, SQLState: 00000
2023-04-06 13:07:51 WARN  o.h.e.j.s.SqlExceptionHelper:227 - table "application" does not exist, skipping
2023-04-06 13:07:51 WARN  o.h.e.j.s.SqlExceptionHelper:226 - SQL Warning Code: 0, SQLState: 00000
2023-04-06 13:07:51 WARN  o.h.e.j.s.SqlExceptionHelper:227 - table "area" does not exist, skipping
2023-04-06 13:07:51 WARN  o.h.e.j.s.SqlExceptionHelper:226 - SQL Warning Code: 0, SQLState: 00000
2023-04-06 13:07:51 WARN  o.h.e.j.s.SqlExceptionHelper:227 - table "resource" does not exist, skipping
2023-04-06 13:07:51 WARN  o.h.e.j.s.SqlExceptionHelper:226 - SQL Warning Code: 0, SQLState: 00000
2023-04-06 13:07:51 WARN  o.h.e.j.s.SqlExceptionHelper:227 - table "resource_type" does not exist, skipping
2023-04-06 13:07:52 INFO  o.h.e.t.j.p.i.JtaPlatformInitiator:51 - HHH000490: Using JtaPlatform implementation: [org.hibernate.engine.transaction.jta.platform.internal.NoJtaPlatform]
2023-04-06 13:07:52 INFO  o.s.o.j.LocalContainerEntityManagerFactoryBean:437 - Initialized JPA EntityManagerFactory for persistence unit 'default'
2023-04-06 13:07:53 INFO  o.s.b.w.e.t.TomcatWebServer:220 - Tomcat started on port(s): 8084 (http) with context path ''
2023-04-06 13:07:53 INFO  c.b.f.FoxcomTestTaskApplication:57 - Started FoxcomTestTaskApplication in 4.83 seconds (process running for 5.447)
2023-04-06 13:08:40 INFO  o.s.o.j.LocalContainerEntityManagerFactoryBean:650 - Closing JPA EntityManagerFactory for persistence unit 'default'
2023-04-06 13:08:40 INFO  o.h.t.s.i.SchemaDropperImpl$DelayedDropActionImpl:585 - HHH000477: Starting delayed evictData of schema as part of SessionFactory shut-down'
2023-04-06 13:08:40 INFO  c.z.h.HikariDataSource:350 - HikariPool-1 - Shutdown initiated...
2023-04-06 13:08:40 INFO  c.z.h.HikariDataSource:352 - HikariPool-1 - Shutdown completed.
2023-04-06 23:05:56 INFO  c.b.f.FoxcomTestTaskApplication:51 - Starting FoxcomTestTaskApplication using Java 18.0.2.1 with PID 16368 (C:\Users\Roman_B\IdeaProjects\foxcom-test-task\target\classes started by Roman_B in C:\Users\Roman_B\IdeaProjects\foxcom-test-task)
2023-04-06 23:05:56 INFO  c.b.f.FoxcomTestTaskApplication:632 - No active profile set, falling back to 1 default profile: "default"
2023-04-06 23:05:57 INFO  o.s.d.r.c.RepositoryConfigurationDelegate:138 - Bootstrapping Spring Data JPA repositories in DEFAULT mode.
2023-04-06 23:05:57 INFO  o.s.d.r.c.RepositoryConfigurationDelegate:208 - Finished Spring Data repository scanning in 65 ms. Found 4 JPA repository interfaces.
2023-04-06 23:05:57 INFO  o.s.b.w.e.t.TomcatWebServer:108 - Tomcat initialized with port(s): 8084 (http)
2023-04-06 23:05:57 INFO  o.a.c.c.StandardService:173 - Starting service [Tomcat]
2023-04-06 23:05:57 INFO  o.a.c.c.StandardEngine:173 - Starting Servlet engine: [Apache Tomcat/10.1.7]
2023-04-06 23:05:57 INFO  o.a.c.c.C.[.[.[/]:173 - Initializing Spring embedded WebApplicationContext
2023-04-06 23:05:57 INFO  o.s.b.w.s.c.ServletWebServerApplicationContext:291 - Root WebApplicationContext: initialization completed in 1256 ms
2023-04-06 23:05:58 INFO  o.h.j.i.u.LogHelper:31 - HHH000204: Processing PersistenceUnitInfo [name: default]
2023-04-06 23:05:58 INFO  o.h.Version:44 - HHH000412: Hibernate ORM core version 6.1.7.Final
2023-04-06 23:05:58 INFO  c.z.h.HikariDataSource:110 - HikariPool-1 - Starting...
2023-04-06 23:05:58 INFO  c.z.h.p.HikariPool:565 - HikariPool-1 - Added connection org.postgresql.jdbc.PgConnection@1860a7a1
2023-04-06 23:05:58 INFO  c.z.h.HikariDataSource:123 - HikariPool-1 - Start completed.
2023-04-06 23:05:58 INFO  SQL dialect:66 - HHH000400: Using dialect: org.hibernate.dialect.PostgreSQLDialect
2023-04-06 23:05:59 WARN  o.h.e.j.s.SqlExceptionHelper:226 - SQL Warning Code: 0, SQLState: 00000
2023-04-06 23:05:59 WARN  o.h.e.j.s.SqlExceptionHelper:227 - relation "application_resources" does not exist, skipping
2023-04-06 23:05:59 WARN  o.h.e.j.s.SqlExceptionHelper:226 - SQL Warning Code: 0, SQLState: 00000
2023-04-06 23:05:59 WARN  o.h.e.j.s.SqlExceptionHelper:227 - relation "application_resources" does not exist, skipping
2023-04-06 23:05:59 WARN  o.h.e.j.s.SqlExceptionHelper:226 - SQL Warning Code: 0, SQLState: 00000
2023-04-06 23:05:59 WARN  o.h.e.j.s.SqlExceptionHelper:227 - relation "resource" does not exist, skipping
2023-04-06 23:05:59 WARN  o.h.e.j.s.SqlExceptionHelper:226 - SQL Warning Code: 0, SQLState: 00000
2023-04-06 23:05:59 WARN  o.h.e.j.s.SqlExceptionHelper:227 - relation "resource" does not exist, skipping
2023-04-06 23:05:59 WARN  o.h.e.j.s.SqlExceptionHelper:226 - SQL Warning Code: 0, SQLState: 00000
2023-04-06 23:05:59 WARN  o.h.e.j.s.SqlExceptionHelper:227 - table "application" does not exist, skipping
2023-04-06 23:05:59 WARN  o.h.e.j.s.SqlExceptionHelper:226 - SQL Warning Code: 0, SQLState: 00000
2023-04-06 23:05:59 WARN  o.h.e.j.s.SqlExceptionHelper:227 - table "application_resources" does not exist, skipping
2023-04-06 23:05:59 WARN  o.h.e.j.s.SqlExceptionHelper:226 - SQL Warning Code: 0, SQLState: 00000
2023-04-06 23:05:59 WARN  o.h.e.j.s.SqlExceptionHelper:227 - table "area" does not exist, skipping
2023-04-06 23:05:59 WARN  o.h.e.j.s.SqlExceptionHelper:226 - SQL Warning Code: 0, SQLState: 00000
2023-04-06 23:05:59 WARN  o.h.e.j.s.SqlExceptionHelper:227 - table "resource" does not exist, skipping
2023-04-06 23:05:59 WARN  o.h.e.j.s.SqlExceptionHelper:226 - SQL Warning Code: 0, SQLState: 00000
2023-04-06 23:05:59 WARN  o.h.e.j.s.SqlExceptionHelper:227 - table "resource_type" does not exist, skipping
2023-04-06 23:05:59 INFO  o.h.e.t.j.p.i.JtaPlatformInitiator:51 - HHH000490: Using JtaPlatform implementation: [org.hibernate.engine.transaction.jta.platform.internal.NoJtaPlatform]
2023-04-06 23:05:59 INFO  o.s.o.j.LocalContainerEntityManagerFactoryBean:437 - Initialized JPA EntityManagerFactory for persistence unit 'default'
2023-04-06 23:06:00 INFO  o.s.b.w.e.t.TomcatWebServer:220 - Tomcat started on port(s): 8084 (http) with context path ''
2023-04-06 23:06:00 INFO  c.b.f.FoxcomTestTaskApplication:57 - Started FoxcomTestTaskApplication in 4.481 seconds (process running for 5.38)
2023-04-06 23:08:39 INFO  o.a.c.c.C.[.[.[/]:173 - Initializing Spring DispatcherServlet 'dispatcherServlet'
2023-04-06 23:08:39 INFO  o.s.w.s.DispatcherServlet:532 - Initializing Servlet 'dispatcherServlet'
2023-04-06 23:08:39 INFO  o.s.w.s.DispatcherServlet:554 - Completed initialization in 2 ms
2023-04-06 23:08:39 INFO  c.b.f.c.ApplicationController:34 - POST request for path /applications/generate/{count} with count=50
2023-04-06 23:08:39 WARN  o.h.e.j.s.SqlExceptionHelper:133 - SQL Error: 0, SQLState: 23505
2023-04-06 23:08:39 ERROR o.h.e.j.s.SqlExceptionHelper:138 - ERROR: duplicate key value violates unique constraint "uk_226rm1fd8fl8ewh0a7n1k8f94"
  Подробности: Key (name)=(Russia, Iowa Hunting Area) already exists.
2023-04-06 23:08:39 ERROR o.a.c.c.C.[.[.[.[dispatcherServlet]:175 - Servlet.service() for servlet [dispatcherServlet] in context with path [] threw exception [Request processing failed: org.springframework.dao.DataIntegrityViolationException: could not execute statement; SQL [n/a]; constraint [uk_226rm1fd8fl8ewh0a7n1k8f94]] with root cause
org.postgresql.util.PSQLException: ERROR: duplicate key value violates unique constraint "uk_226rm1fd8fl8ewh0a7n1k8f94"
  Подробности: Key (name)=(Russia, Iowa Hunting Area) already exists.
	at org.postgresql.core.v3.QueryExecutorImpl.receiveErrorResponse(QueryExecutorImpl.java:2676)
	at org.postgresql.core.v3.QueryExecutorImpl.processResults(QueryExecutorImpl.java:2366)
	at org.postgresql.core.v3.QueryExecutorImpl.execute(QueryExecutorImpl.java:356)
	at org.postgresql.jdbc.PgStatement.executeInternal(PgStatement.java:496)
	at org.postgresql.jdbc.PgStatement.execute(PgStatement.java:413)
	at org.postgresql.jdbc.PgPreparedStatement.executeWithFlags(PgPreparedStatement.java:190)
	at org.postgresql.jdbc.PgPreparedStatement.executeUpdate(PgPreparedStatement.java:152)
	at com.zaxxer.hikari.pool.ProxyPreparedStatement.executeUpdate(ProxyPreparedStatement.java:61)
	at com.zaxxer.hikari.pool.HikariProxyPreparedStatement.executeUpdate(HikariProxyPreparedStatement.java)
	at org.hibernate.engine.jdbc.internal.ResultSetReturnImpl.executeUpdate(ResultSetReturnImpl.java:197)
	at org.hibernate.dialect.identity.GetGeneratedKeysDelegate.executeAndExtract(GetGeneratedKeysDelegate.java:57)
	at org.hibernate.id.insert.AbstractReturningDelegate.performInsert(AbstractReturningDelegate.java:42)
	at org.hibernate.persister.entity.AbstractEntityPersister.insert(AbstractEntityPersister.java:3342)
	at org.hibernate.persister.entity.AbstractEntityPersister.insert(AbstractEntityPersister.java:3980)
	at org.hibernate.action.internal.EntityIdentityInsertAction.execute(EntityIdentityInsertAction.java:80)
	at org.hibernate.engine.spi.ActionQueue.execute(ActionQueue.java:653)
	at org.hibernate.engine.spi.ActionQueue.addResolvedEntityInsertAction(ActionQueue.java:283)
	at org.hibernate.engine.spi.ActionQueue.addInsertAction(ActionQueue.java:264)
	at org.hibernate.engine.spi.ActionQueue.addAction(ActionQueue.java:322)
	at org.hibernate.event.internal.AbstractSaveEventListener.addInsertAction(AbstractSaveEventListener.java:340)
	at org.hibernate.event.internal.AbstractSaveEventListener.performSaveOrReplicate(AbstractSaveEventListener.java:286)
	at org.hibernate.event.internal.AbstractSaveEventListener.performSave(AbstractSaveEventListener.java:192)
	at org.hibernate.event.internal.AbstractSaveEventListener.saveWithGeneratedId(AbstractSaveEventListener.java:122)
	at org.hibernate.event.internal.DefaultPersistEventListener.entityIsTransient(DefaultPersistEventListener.java:184)
	at org.hibernate.event.internal.DefaultPersistEventListener.onPersist(DefaultPersistEventListener.java:129)
	at org.hibernate.event.internal.DefaultPersistEventListener.onPersist(DefaultPersistEventListener.java:53)
	at org.hibernate.event.service.internal.EventListenerGroupImpl.fireEventOnEachListener(EventListenerGroupImpl.java:107)
	at org.hibernate.internal.SessionImpl.firePersist(SessionImpl.java:737)
	at org.hibernate.internal.SessionImpl.persist(SessionImpl.java:721)
	at java.base/jdk.internal.reflect.DirectMethodHandleAccessor.invoke(DirectMethodHandleAccessor.java:104)
	at java.base/java.lang.reflect.Method.invoke(Method.java:577)
	at org.springframework.orm.jpa.SharedEntityManagerCreator$SharedEntityManagerInvocationHandler.invoke(SharedEntityManagerCreator.java:311)
	at jdk.proxy2/jdk.proxy2.$Proxy112.persist(Unknown Source)
	at org.springframework.data.jpa.repository.support.SimpleJpaRepository.save(SimpleJpaRepository.java:613)
	at org.springframework.data.jpa.repository.support.SimpleJpaRepository.saveAll(SimpleJpaRepository.java:639)
	at org.springframework.data.jpa.repository.support.SimpleJpaRepository.saveAll(SimpleJpaRepository.java:94)
	at java.base/jdk.internal.reflect.DirectMethodHandleAccessor.invoke(DirectMethodHandleAccessor.java:104)
	at java.base/java.lang.reflect.Method.invoke(Method.java:577)
	at org.springframework.data.repository.core.support.RepositoryMethodInvoker$RepositoryFragmentMethodInvoker.lambda$new$0(RepositoryMethodInvoker.java:288)
	at org.springframework.data.repository.core.support.RepositoryMethodInvoker.doInvoke(RepositoryMethodInvoker.java:136)
	at org.springframework.data.repository.core.support.RepositoryMethodInvoker.invoke(RepositoryMethodInvoker.java:120)
	at org.springframework.data.repository.core.support.RepositoryComposition$RepositoryFragments.invoke(RepositoryComposition.java:516)
	at org.springframework.data.repository.core.support.RepositoryComposition.invoke(RepositoryComposition.java:285)
	at org.springframework.data.repository.core.support.RepositoryFactorySupport$ImplementationMethodExecutionInterceptor.invoke(RepositoryFactorySupport.java:628)
	at org.springframework.aop.framework.ReflectiveMethodInvocation.proceed(ReflectiveMethodInvocation.java:184)
	at org.springframework.data.repository.core.support.QueryExecutorMethodInterceptor.doInvoke(QueryExecutorMethodInterceptor.java:168)
	at org.springframework.data.repository.core.support.QueryExecutorMethodInterceptor.invoke(QueryExecutorMethodInterceptor.java:143)
	at org.springframework.aop.framework.ReflectiveMethodInvocation.proceed(ReflectiveMethodInvocation.java:184)
	at org.springframework.data.projection.DefaultMethodInvokingMethodInterceptor.invoke(DefaultMethodInvokingMethodInterceptor.java:77)
	at org.springframework.aop.framework.ReflectiveMethodInvocation.proceed(ReflectiveMethodInvocation.java:184)
	at org.springframework.transaction.interceptor.TransactionInterceptor$1.proceedWithInvocation(TransactionInterceptor.java:123)
	at org.springframework.transaction.interceptor.TransactionAspectSupport.invokeWithinTransaction(TransactionAspectSupport.java:391)
	at org.springframework.transaction.interceptor.TransactionInterceptor.invoke(TransactionInterceptor.java:119)
	at org.springframework.aop.framework.ReflectiveMethodInvocation.proceed(ReflectiveMethodInvocation.java:184)
	at org.springframework.dao.support.PersistenceExceptionTranslationInterceptor.invoke(PersistenceExceptionTranslationInterceptor.java:137)
	at org.springframework.aop.framework.ReflectiveMethodInvocation.proceed(ReflectiveMethodInvocation.java:184)
	at org.springframework.data.jpa.repository.support.CrudMethodMetadataPostProcessor$CrudMethodMetadataPopulatingMethodInterceptor.invoke(CrudMethodMetadataPostProcessor.java:163)
	at org.springframework.aop.framework.ReflectiveMethodInvocation.proceed(ReflectiveMethodInvocation.java:184)
	at org.springframework.aop.interceptor.ExposeInvocationInterceptor.invoke(ExposeInvocationInterceptor.java:97)
	at org.springframework.aop.framework.ReflectiveMethodInvocation.proceed(ReflectiveMethodInvocation.java:184)
	at org.springframework.aop.framework.JdkDynamicAopProxy.invoke(JdkDynamicAopProxy.java:218)
	at jdk.proxy2/jdk.proxy2.$Proxy122.saveAll(Unknown Source)
	at com.batrakov.foxcomtesttask.service.impl.HuntingAreaServiceImpl.generateHuntingAreas(HuntingAreaServiceImpl.java:67)
	at com.batrakov.foxcomtesttask.service.impl.ApplicationServiceImpl.generateApplications(ApplicationServiceImpl.java:66)
	at com.batrakov.foxcomtesttask.controller.ApplicationController.generateApplications(ApplicationController.java:35)
	at java.base/jdk.internal.reflect.DirectMethodHandleAccessor.invoke(DirectMethodHandleAccessor.java:104)
	at java.base/java.lang.reflect.Method.invoke(Method.java:577)
	at org.springframework.aop.support.AopUtils.invokeJoinpointUsingReflection(AopUtils.java:343)
	at org.springframework.aop.framework.ReflectiveMethodInvocation.invokeJoinpoint(ReflectiveMethodInvocation.java:196)
	at org.springframework.aop.framework.ReflectiveMethodInvocation.proceed(ReflectiveMethodInvocation.java:163)
	at org.springframework.aop.framework.CglibAopProxy$CglibMethodInvocation.proceed(CglibAopProxy.java:750)
	at org.springframework.validation.beanvalidation.MethodValidationInterceptor.invoke(MethodValidationInterceptor.java:141)
	at org.springframework.aop.framework.ReflectiveMethodInvocation.proceed(ReflectiveMethodInvocation.java:184)
	at org.springframework.aop.framework.CglibAopProxy$CglibMethodInvocation.proceed(CglibAopProxy.java:750)
	at org.springframework.aop.framework.CglibAopProxy$DynamicAdvisedInterceptor.intercept(CglibAopProxy.java:702)
	at com.batrakov.foxcomtesttask.controller.ApplicationController$$SpringCGLIB$$0.generateApplications(<generated>)
	at java.base/jdk.internal.reflect.DirectMethodHandleAccessor.invoke(DirectMethodHandleAccessor.java:104)
	at java.base/java.lang.reflect.Method.invoke(Method.java:577)
	at org.springframework.web.method.support.InvocableHandlerMethod.doInvoke(InvocableHandlerMethod.java:207)
	at org.springframework.web.method.support.InvocableHandlerMethod.invokeForRequest(InvocableHandlerMethod.java:152)
	at org.springframework.web.servlet.mvc.method.annotation.ServletInvocableHandlerMethod.invokeAndHandle(ServletInvocableHandlerMethod.java:118)
	at org.springframework.web.servlet.mvc.method.annotation.RequestMappingHandlerAdapter.invokeHandlerMethod(RequestMappingHandlerAdapter.java:884)
	at org.springframework.web.servlet.mvc.method.annotation.RequestMappingHandlerAdapter.handleInternal(RequestMappingHandlerAdapter.java:797)
	at org.springframework.web.servlet.mvc.method.AbstractHandlerMethodAdapter.handle(AbstractHandlerMethodAdapter.java:87)
	at org.springframework.web.servlet.DispatcherServlet.doDispatch(DispatcherServlet.java:1081)
	at org.springframework.web.servlet.DispatcherServlet.doService(DispatcherServlet.java:974)
	at org.springframework.web.servlet.FrameworkServlet.processRequest(FrameworkServlet.java:1011)
	at org.springframework.web.servlet.FrameworkServlet.doPost(FrameworkServlet.java:914)
	at jakarta.servlet.http.HttpServlet.service(HttpServlet.java:563)
	at org.springframework.web.servlet.FrameworkServlet.service(FrameworkServlet.java:885)
	at jakarta.servlet.http.HttpServlet.service(HttpServlet.java:631)
	at org.apache.catalina.core.ApplicationFilterChain.internalDoFilter(ApplicationFilterChain.java:205)
	at org.apache.catalina.core.ApplicationFilterChain.doFilter(ApplicationFilterChain.java:149)
	at org.apache.tomcat.websocket.server.WsFilter.doFilter(WsFilter.java:53)
	at org.apache.catalina.core.ApplicationFilterChain.internalDoFilter(ApplicationFilterChain.java:174)
	at org.apache.catalina.core.ApplicationFilterChain.doFilter(ApplicationFilterChain.java:149)
	at org.springframework.web.filter.RequestContextFilter.doFilterInternal(RequestContextFilter.java:100)
	at org.springframework.web.filter.OncePerRequestFilter.doFilter(OncePerRequestFilter.java:116)
	at org.apache.catalina.core.ApplicationFilterChain.internalDoFilter(ApplicationFilterChain.java:174)
	at org.apache.catalina.core.ApplicationFilterChain.doFilter(ApplicationFilterChain.java:149)
	at org.springframework.web.filter.FormContentFilter.doFilterInternal(FormContentFilter.java:93)
	at org.springframework.web.filter.OncePerRequestFilter.doFilter(OncePerRequestFilter.java:116)
	at org.apache.catalina.core.ApplicationFilterChain.internalDoFilter(ApplicationFilterChain.java:174)
	at org.apache.catalina.core.ApplicationFilterChain.doFilter(ApplicationFilterChain.java:149)
	at org.springframework.web.filter.CharacterEncodingFilter.doFilterInternal(CharacterEncodingFilter.java:201)
	at org.springframework.web.filter.OncePerRequestFilter.doFilter(OncePerRequestFilter.java:116)
	at org.apache.catalina.core.ApplicationFilterChain.internalDoFilter(ApplicationFilterChain.java:174)
	at org.apache.catalina.core.ApplicationFilterChain.doFilter(ApplicationFilterChain.java:149)
	at org.apache.catalina.core.StandardWrapperValve.invoke(StandardWrapperValve.java:166)
	at org.apache.catalina.core.StandardContextValve.invoke(StandardContextValve.java:90)
	at org.apache.catalina.authenticator.AuthenticatorBase.invoke(AuthenticatorBase.java:493)
	at org.apache.catalina.core.StandardHostValve.invoke(StandardHostValve.java:115)
	at org.apache.catalina.valves.ErrorReportValve.invoke(ErrorReportValve.java:93)
	at org.apache.catalina.core.StandardEngineValve.invoke(StandardEngineValve.java:74)
	at org.apache.catalina.connector.CoyoteAdapter.service(CoyoteAdapter.java:341)
	at org.apache.coyote.http11.Http11Processor.service(Http11Processor.java:390)
	at org.apache.coyote.AbstractProcessorLight.process(AbstractProcessorLight.java:63)
	at org.apache.coyote.AbstractProtocol$ConnectionHandler.process(AbstractProtocol.java:894)
	at org.apache.tomcat.util.net.NioEndpoint$SocketProcessor.doRun(NioEndpoint.java:1741)
	at org.apache.tomcat.util.net.SocketProcessorBase.run(SocketProcessorBase.java:52)
	at org.apache.tomcat.util.threads.ThreadPoolExecutor.runWorker(ThreadPoolExecutor.java:1191)
	at org.apache.tomcat.util.threads.ThreadPoolExecutor$Worker.run(ThreadPoolExecutor.java:659)
	at org.apache.tomcat.util.threads.TaskThread$WrappingRunnable.run(TaskThread.java:61)
	at java.base/java.lang.Thread.run(Thread.java:833)
2023-04-06 23:11:51 INFO  c.b.f.c.ApplicationController:34 - POST request for path /applications/generate/{count} with count=50
2023-04-06 23:11:51 WARN  o.h.e.j.s.SqlExceptionHelper:133 - SQL Error: 0, SQLState: 23505
2023-04-06 23:11:51 ERROR o.h.e.j.s.SqlExceptionHelper:138 - ERROR: duplicate key value violates unique constraint "uk_226rm1fd8fl8ewh0a7n1k8f94"
  Подробности: Key (name)=(Russia, Hawaii Hunting Area) already exists.
2023-04-06 23:11:51 ERROR o.a.c.c.C.[.[.[.[dispatcherServlet]:175 - Servlet.service() for servlet [dispatcherServlet] in context with path [] threw exception [Request processing failed: org.springframework.dao.DataIntegrityViolationException: could not execute statement; SQL [n/a]; constraint [uk_226rm1fd8fl8ewh0a7n1k8f94]] with root cause
org.postgresql.util.PSQLException: ERROR: duplicate key value violates unique constraint "uk_226rm1fd8fl8ewh0a7n1k8f94"
  Подробности: Key (name)=(Russia, Hawaii Hunting Area) already exists.
	at org.postgresql.core.v3.QueryExecutorImpl.receiveErrorResponse(QueryExecutorImpl.java:2676)
	at org.postgresql.core.v3.QueryExecutorImpl.processResults(QueryExecutorImpl.java:2366)
	at org.postgresql.core.v3.QueryExecutorImpl.execute(QueryExecutorImpl.java:356)
	at org.postgresql.jdbc.PgStatement.executeInternal(PgStatement.java:496)
	at org.postgresql.jdbc.PgStatement.execute(PgStatement.java:413)
	at org.postgresql.jdbc.PgPreparedStatement.executeWithFlags(PgPreparedStatement.java:190)
	at org.postgresql.jdbc.PgPreparedStatement.executeUpdate(PgPreparedStatement.java:152)
	at com.zaxxer.hikari.pool.ProxyPreparedStatement.executeUpdate(ProxyPreparedStatement.java:61)
	at com.zaxxer.hikari.pool.HikariProxyPreparedStatement.executeUpdate(HikariProxyPreparedStatement.java)
	at org.hibernate.engine.jdbc.internal.ResultSetReturnImpl.executeUpdate(ResultSetReturnImpl.java:197)
	at org.hibernate.dialect.identity.GetGeneratedKeysDelegate.executeAndExtract(GetGeneratedKeysDelegate.java:57)
	at org.hibernate.id.insert.AbstractReturningDelegate.performInsert(AbstractReturningDelegate.java:42)
	at org.hibernate.persister.entity.AbstractEntityPersister.insert(AbstractEntityPersister.java:3342)
	at org.hibernate.persister.entity.AbstractEntityPersister.insert(AbstractEntityPersister.java:3980)
	at org.hibernate.action.internal.EntityIdentityInsertAction.execute(EntityIdentityInsertAction.java:80)
	at org.hibernate.engine.spi.ActionQueue.execute(ActionQueue.java:653)
	at org.hibernate.engine.spi.ActionQueue.addResolvedEntityInsertAction(ActionQueue.java:283)
	at org.hibernate.engine.spi.ActionQueue.addInsertAction(ActionQueue.java:264)
	at org.hibernate.engine.spi.ActionQueue.addAction(ActionQueue.java:322)
	at org.hibernate.event.internal.AbstractSaveEventListener.addInsertAction(AbstractSaveEventListener.java:340)
	at org.hibernate.event.internal.AbstractSaveEventListener.performSaveOrReplicate(AbstractSaveEventListener.java:286)
	at org.hibernate.event.internal.AbstractSaveEventListener.performSave(AbstractSaveEventListener.java:192)
	at org.hibernate.event.internal.AbstractSaveEventListener.saveWithGeneratedId(AbstractSaveEventListener.java:122)
	at org.hibernate.event.internal.DefaultPersistEventListener.entityIsTransient(DefaultPersistEventListener.java:184)
	at org.hibernate.event.internal.DefaultPersistEventListener.onPersist(DefaultPersistEventListener.java:129)
	at org.hibernate.event.internal.DefaultPersistEventListener.onPersist(DefaultPersistEventListener.java:53)
	at org.hibernate.event.service.internal.EventListenerGroupImpl.fireEventOnEachListener(EventListenerGroupImpl.java:107)
	at org.hibernate.internal.SessionImpl.firePersist(SessionImpl.java:737)
	at org.hibernate.internal.SessionImpl.persist(SessionImpl.java:721)
	at java.base/jdk.internal.reflect.DirectMethodHandleAccessor.invoke(DirectMethodHandleAccessor.java:104)
	at java.base/java.lang.reflect.Method.invoke(Method.java:577)
	at org.springframework.orm.jpa.SharedEntityManagerCreator$SharedEntityManagerInvocationHandler.invoke(SharedEntityManagerCreator.java:311)
	at jdk.proxy2/jdk.proxy2.$Proxy112.persist(Unknown Source)
	at org.springframework.data.jpa.repository.support.SimpleJpaRepository.save(SimpleJpaRepository.java:613)
	at org.springframework.data.jpa.repository.support.SimpleJpaRepository.saveAll(SimpleJpaRepository.java:639)
	at org.springframework.data.jpa.repository.support.SimpleJpaRepository.saveAll(SimpleJpaRepository.java:94)
	at java.base/jdk.internal.reflect.DirectMethodHandleAccessor.invoke(DirectMethodHandleAccessor.java:104)
	at java.base/java.lang.reflect.Method.invoke(Method.java:577)
	at org.springframework.data.repository.core.support.RepositoryMethodInvoker$RepositoryFragmentMethodInvoker.lambda$new$0(RepositoryMethodInvoker.java:288)
	at org.springframework.data.repository.core.support.RepositoryMethodInvoker.doInvoke(RepositoryMethodInvoker.java:136)
	at org.springframework.data.repository.core.support.RepositoryMethodInvoker.invoke(RepositoryMethodInvoker.java:120)
	at org.springframework.data.repository.core.support.RepositoryComposition$RepositoryFragments.invoke(RepositoryComposition.java:516)
	at org.springframework.data.repository.core.support.RepositoryComposition.invoke(RepositoryComposition.java:285)
	at org.springframework.data.repository.core.support.RepositoryFactorySupport$ImplementationMethodExecutionInterceptor.invoke(RepositoryFactorySupport.java:628)
	at org.springframework.aop.framework.ReflectiveMethodInvocation.proceed(ReflectiveMethodInvocation.java:184)
	at org.springframework.data.repository.core.support.QueryExecutorMethodInterceptor.doInvoke(QueryExecutorMethodInterceptor.java:168)
	at org.springframework.data.repository.core.support.QueryExecutorMethodInterceptor.invoke(QueryExecutorMethodInterceptor.java:143)
	at org.springframework.aop.framework.ReflectiveMethodInvocation.proceed(ReflectiveMethodInvocation.java:184)
	at org.springframework.data.projection.DefaultMethodInvokingMethodInterceptor.invoke(DefaultMethodInvokingMethodInterceptor.java:77)
	at org.springframework.aop.framework.ReflectiveMethodInvocation.proceed(ReflectiveMethodInvocation.java:184)
	at org.springframework.transaction.interceptor.TransactionInterceptor$1.proceedWithInvocation(TransactionInterceptor.java:123)
	at org.springframework.transaction.interceptor.TransactionAspectSupport.invokeWithinTransaction(TransactionAspectSupport.java:391)
	at org.springframework.transaction.interceptor.TransactionInterceptor.invoke(TransactionInterceptor.java:119)
	at org.springframework.aop.framework.ReflectiveMethodInvocation.proceed(ReflectiveMethodInvocation.java:184)
	at org.springframework.dao.support.PersistenceExceptionTranslationInterceptor.invoke(PersistenceExceptionTranslationInterceptor.java:137)
	at org.springframework.aop.framework.ReflectiveMethodInvocation.proceed(ReflectiveMethodInvocation.java:184)
	at org.springframework.data.jpa.repository.support.CrudMethodMetadataPostProcessor$CrudMethodMetadataPopulatingMethodInterceptor.invoke(CrudMethodMetadataPostProcessor.java:163)
	at org.springframework.aop.framework.ReflectiveMethodInvocation.proceed(ReflectiveMethodInvocation.java:184)
	at org.springframework.aop.interceptor.ExposeInvocationInterceptor.invoke(ExposeInvocationInterceptor.java:97)
	at org.springframework.aop.framework.ReflectiveMethodInvocation.proceed(ReflectiveMethodInvocation.java:184)
	at org.springframework.aop.framework.JdkDynamicAopProxy.invoke(JdkDynamicAopProxy.java:218)
	at jdk.proxy2/jdk.proxy2.$Proxy122.saveAll(Unknown Source)
	at com.batrakov.foxcomtesttask.service.impl.HuntingAreaServiceImpl.generateHuntingAreas(HuntingAreaServiceImpl.java:67)
	at com.batrakov.foxcomtesttask.service.impl.ApplicationServiceImpl.generateApplications(ApplicationServiceImpl.java:66)
	at com.batrakov.foxcomtesttask.controller.ApplicationController.generateApplications(ApplicationController.java:35)
	at java.base/jdk.internal.reflect.DirectMethodHandleAccessor.invoke(DirectMethodHandleAccessor.java:104)
	at java.base/java.lang.reflect.Method.invoke(Method.java:577)
	at org.springframework.aop.support.AopUtils.invokeJoinpointUsingReflection(AopUtils.java:343)
	at org.springframework.aop.framework.ReflectiveMethodInvocation.invokeJoinpoint(ReflectiveMethodInvocation.java:196)
	at org.springframework.aop.framework.ReflectiveMethodInvocation.proceed(ReflectiveMethodInvocation.java:163)
	at org.springframework.aop.framework.CglibAopProxy$CglibMethodInvocation.proceed(CglibAopProxy.java:750)
	at org.springframework.validation.beanvalidation.MethodValidationInterceptor.invoke(MethodValidationInterceptor.java:141)
	at org.springframework.aop.framework.ReflectiveMethodInvocation.proceed(ReflectiveMethodInvocation.java:184)
	at org.springframework.aop.framework.CglibAopProxy$CglibMethodInvocation.proceed(CglibAopProxy.java:750)
	at org.springframework.aop.framework.CglibAopProxy$DynamicAdvisedInterceptor.intercept(CglibAopProxy.java:702)
	at com.batrakov.foxcomtesttask.controller.ApplicationController$$SpringCGLIB$$0.generateApplications(<generated>)
	at java.base/jdk.internal.reflect.DirectMethodHandleAccessor.invoke(DirectMethodHandleAccessor.java:104)
	at java.base/java.lang.reflect.Method.invoke(Method.java:577)
	at org.springframework.web.method.support.InvocableHandlerMethod.doInvoke(InvocableHandlerMethod.java:207)
	at org.springframework.web.method.support.InvocableHandlerMethod.invokeForRequest(InvocableHandlerMethod.java:152)
	at org.springframework.web.servlet.mvc.method.annotation.ServletInvocableHandlerMethod.invokeAndHandle(ServletInvocableHandlerMethod.java:118)
	at org.springframework.web.servlet.mvc.method.annotation.RequestMappingHandlerAdapter.invokeHandlerMethod(RequestMappingHandlerAdapter.java:884)
	at org.springframework.web.servlet.mvc.method.annotation.RequestMappingHandlerAdapter.handleInternal(RequestMappingHandlerAdapter.java:797)
	at org.springframework.web.servlet.mvc.method.AbstractHandlerMethodAdapter.handle(AbstractHandlerMethodAdapter.java:87)
	at org.springframework.web.servlet.DispatcherServlet.doDispatch(DispatcherServlet.java:1081)
	at org.springframework.web.servlet.DispatcherServlet.doService(DispatcherServlet.java:974)
	at org.springframework.web.servlet.FrameworkServlet.processRequest(FrameworkServlet.java:1011)
	at org.springframework.web.servlet.FrameworkServlet.doPost(FrameworkServlet.java:914)
	at jakarta.servlet.http.HttpServlet.service(HttpServlet.java:563)
	at org.springframework.web.servlet.FrameworkServlet.service(FrameworkServlet.java:885)
	at jakarta.servlet.http.HttpServlet.service(HttpServlet.java:631)
	at org.apache.catalina.core.ApplicationFilterChain.internalDoFilter(ApplicationFilterChain.java:205)
	at org.apache.catalina.core.ApplicationFilterChain.doFilter(ApplicationFilterChain.java:149)
	at org.apache.tomcat.websocket.server.WsFilter.doFilter(WsFilter.java:53)
	at org.apache.catalina.core.ApplicationFilterChain.internalDoFilter(ApplicationFilterChain.java:174)
	at org.apache.catalina.core.ApplicationFilterChain.doFilter(ApplicationFilterChain.java:149)
	at org.springframework.web.filter.RequestContextFilter.doFilterInternal(RequestContextFilter.java:100)
	at org.springframework.web.filter.OncePerRequestFilter.doFilter(OncePerRequestFilter.java:116)
	at org.apache.catalina.core.ApplicationFilterChain.internalDoFilter(ApplicationFilterChain.java:174)
	at org.apache.catalina.core.ApplicationFilterChain.doFilter(ApplicationFilterChain.java:149)
	at org.springframework.web.filter.FormContentFilter.doFilterInternal(FormContentFilter.java:93)
	at org.springframework.web.filter.OncePerRequestFilter.doFilter(OncePerRequestFilter.java:116)
	at org.apache.catalina.core.ApplicationFilterChain.internalDoFilter(ApplicationFilterChain.java:174)
	at org.apache.catalina.core.ApplicationFilterChain.doFilter(ApplicationFilterChain.java:149)
	at org.springframework.web.filter.CharacterEncodingFilter.doFilterInternal(CharacterEncodingFilter.java:201)
	at org.springframework.web.filter.OncePerRequestFilter.doFilter(OncePerRequestFilter.java:116)
	at org.apache.catalina.core.ApplicationFilterChain.internalDoFilter(ApplicationFilterChain.java:174)
	at org.apache.catalina.core.ApplicationFilterChain.doFilter(ApplicationFilterChain.java:149)
	at org.apache.catalina.core.StandardWrapperValve.invoke(StandardWrapperValve.java:166)
	at org.apache.catalina.core.StandardContextValve.invoke(StandardContextValve.java:90)
	at org.apache.catalina.authenticator.AuthenticatorBase.invoke(AuthenticatorBase.java:493)
	at org.apache.catalina.core.StandardHostValve.invoke(StandardHostValve.java:115)
	at org.apache.catalina.valves.ErrorReportValve.invoke(ErrorReportValve.java:93)
	at org.apache.catalina.core.StandardEngineValve.invoke(StandardEngineValve.java:74)
	at org.apache.catalina.connector.CoyoteAdapter.service(CoyoteAdapter.java:341)
	at org.apache.coyote.http11.Http11Processor.service(Http11Processor.java:390)
	at org.apache.coyote.AbstractProcessorLight.process(AbstractProcessorLight.java:63)
	at org.apache.coyote.AbstractProtocol$ConnectionHandler.process(AbstractProtocol.java:894)
	at org.apache.tomcat.util.net.NioEndpoint$SocketProcessor.doRun(NioEndpoint.java:1741)
	at org.apache.tomcat.util.net.SocketProcessorBase.run(SocketProcessorBase.java:52)
	at org.apache.tomcat.util.threads.ThreadPoolExecutor.runWorker(ThreadPoolExecutor.java:1191)
	at org.apache.tomcat.util.threads.ThreadPoolExecutor$Worker.run(ThreadPoolExecutor.java:659)
	at org.apache.tomcat.util.threads.TaskThread$WrappingRunnable.run(TaskThread.java:61)
	at java.base/java.lang.Thread.run(Thread.java:833)
2023-04-06 23:12:45 INFO  o.s.o.j.LocalContainerEntityManagerFactoryBean:650 - Closing JPA EntityManagerFactory for persistence unit 'default'
2023-04-06 23:12:45 INFO  o.h.t.s.i.SchemaDropperImpl$DelayedDropActionImpl:585 - HHH000477: Starting delayed evictData of schema as part of SessionFactory shut-down'
2023-04-06 23:12:46 INFO  c.z.h.HikariDataSource:350 - HikariPool-1 - Shutdown initiated...
2023-04-06 23:12:46 INFO  c.z.h.HikariDataSource:352 - HikariPool-1 - Shutdown completed.
